-- The C compiler identification is GNU 9.4.0
-- The CXX compiler identification is GNU 9.4.0
-- Check for working C compiler: /usr/bin/cc
-- Check for working C compiler: /usr/bin/cc -- works
-- Detecting C compiler ABI info
-- Detecting C compiler ABI info - done
-- Detecting C compile features
-- Detecting C compile features - done
-- Check for working CXX compiler: /usr/bin/c++
-- Check for working CXX compiler: /usr/bin/c++ -- works
-- Detecting CXX compiler ABI info
-- Detecting CXX compiler ABI info - done
-- Detecting CXX compile features
-- Detecting CXX compile features - done
-- Found ament_cmake: 1.3.3 (/home/agata/ros2_humble/install/ament_cmake/share/ament_cmake/cmake)
-- Found Python3: /usr/bin/python3.8 (found version "3.8.10") found components: Interpreter 
-- Found rclcpp: 16.0.3 (/home/agata/ros2_humble/install/rclcpp/share/rclcpp/cmake)
-- Found rosidl_generator_c: 3.1.4 (/home/agata/ros2_humble/install/rosidl_generator_c/share/rosidl_generator_c/cmake)
-- Found rosidl_adapter: 3.1.4 (/home/agata/ros2_humble/install/rosidl_adapter/share/rosidl_adapter/cmake)
-- Found rosidl_generator_cpp: 3.1.4 (/home/agata/ros2_humble/install/rosidl_generator_cpp/share/rosidl_generator_cpp/cmake)
-- Using all available rosidl_typesupport_c: rosidl_typesupport_introspection_c;rosidl_typesupport_fastrtps_c
-- Using all available rosidl_typesupport_cpp: rosidl_typesupport_introspection_cpp;rosidl_typesupport_fastrtps_cpp
-- Found rmw_implementation_cmake: 6.1.1 (/home/agata/ros2_humble/install/rmw_implementation_cmake/share/rmw_implementation_cmake/cmake)
-- Found rmw_fastrtps_cpp: 6.2.2 (/home/agata/ros2_humble/install/rmw_fastrtps_cpp/share/rmw_fastrtps_cpp/cmake)
-- Found OpenSSL: /usr/lib/x86_64-linux-gnu/libcrypto.so (found version "1.1.1f")  
-- Found FastRTPS: /home/agata/ros2_humble/install/fastrtps/include  
-- Using RMW implementation 'rmw_fastrtps_cpp' as default
-- Looking for pthread.h
-- Looking for pthread.h - found
-- Performing Test CMAKE_HAVE_LIBC_PTHREAD
-- Performing Test CMAKE_HAVE_LIBC_PTHREAD - Failed
-- Looking for pthread_create in pthreads
-- Looking for pthread_create in pthreads - not found
-- Looking for pthread_create in pthread
-- Looking for pthread_create in pthread - found
-- Found Threads: TRUE  
-- Found ament_lint_auto: 0.12.5 (/home/agata/ros2_humble/install/ament_lint_auto/share/ament_lint_auto/cmake)
-- Added test 'cppcheck' to perform static code analysis on C / C++ code
-- Configured cppcheck include dirs: $<BUILD_INTERFACE:/home/agata/pong_ws/src/key_input/include>
-- Configured cppcheck exclude dirs and/or files: 
-- Added test 'flake8' to check Python code syntax and style conventions
-- Added test 'lint_cmake' to check CMake code style
-- Added test 'pep257' to check Python code against some of the docstring style conventions in PEP 257
-- Added test 'uncrustify' to check C / C++ code style
-- Configured uncrustify additional arguments: 
-- Added test 'xmllint' to check XML markup files
-- Configuring done
-- Generating done
-- Build files have been written to: /home/agata/pong_ws/src/build/key_input
[35m[1mScanning dependencies of target key_input[0m
[ 50%] [32mBuilding CXX object CMakeFiles/key_input.dir/src/keyboard_input.cpp.o[0m
[100%] [32m[1mLinking CXX executable key_input[0m
[100%] Built target key_input
-- Install configuration: ""
-- Installing: /home/agata/pong_ws/src/install/key_input/lib/key_input/key_input
-- Set runtime path of "/home/agata/pong_ws/src/install/key_input/lib/key_input/key_input" to ""
-- Installing: /home/agata/pong_ws/src/install/key_input/share/key_input//launch
-- Installing: /home/agata/pong_ws/src/install/key_input/share/key_input//launch/keyboard_input_launch.py
-- Installing: /home/agata/pong_ws/src/install/key_input/share/ament_index/resource_index/package_run_dependencies/key_input
-- Installing: /home/agata/pong_ws/src/install/key_input/share/ament_index/resource_index/parent_prefix_path/key_input
-- Installing: /home/agata/pong_ws/src/install/key_input/share/key_input/environment/ament_prefix_path.sh
-- Installing: /home/agata/pong_ws/src/install/key_input/share/key_input/environment/ament_prefix_path.dsv
-- Installing: /home/agata/pong_ws/src/install/key_input/share/key_input/environment/path.sh
-- Installing: /home/agata/pong_ws/src/install/key_input/share/key_input/environment/path.dsv
-- Installing: /home/agata/pong_ws/src/install/key_input/share/key_input/local_setup.bash
-- Installing: /home/agata/pong_ws/src/install/key_input/share/key_input/local_setup.sh
-- Installing: /home/agata/pong_ws/src/install/key_input/share/key_input/local_setup.zsh
-- Installing: /home/agata/pong_ws/src/install/key_input/share/key_input/local_setup.dsv
-- Installing: /home/agata/pong_ws/src/install/key_input/share/key_input/package.dsv
-- Installing: /home/agata/pong_ws/src/install/key_input/share/ament_index/resource_index/packages/key_input
-- Installing: /home/agata/pong_ws/src/install/key_input/share/key_input/cmake/key_inputConfig.cmake
-- Installing: /home/agata/pong_ws/src/install/key_input/share/key_input/cmake/key_inputConfig-version.cmake
-- Installing: /home/agata/pong_ws/src/install/key_input/share/key_input/package.xml
