[0.072s] Invoking command in '/home/agata/pong_ws/src/build/cpp_pubsub': CMAKE_PREFIX_PATH=${CMAKE_PREFIX_PATH}:/home/agata/ros2_humble/install/rqt_bag_plugins:/home/agata/ros2_humble/install/rqt_bag:/home/agata/ros2_humble/install/ros2bag:/home/agata/ros2_humble/install/tracetools_test:/home/agata/ros2_humble/install/tracetools_launch:/home/agata/ros2_humble/install/topic_monitor:/home/agata/ros2_humble/install/tf2_tools:/home/agata/ros2_humble/install/examples_tf2_py:/home/agata/ros2_humble/install/tf2_ros_py:/home/agata/ros2_humble/install/sros2:/home/agata/ros2_humble/install/rqt_topic:/home/agata/ros2_humble/install/rqt_srv:/home/agata/ros2_humble/install/rqt_shell:/home/agata/ros2_humble/install/rqt_service_caller:/home/agata/ros2_humble/install/rqt_reconfigure:/home/agata/ros2_humble/install/rqt_py_console:/home/agata/ros2_humble/install/rqt_publisher:/home/agata/ros2_humble/install/rqt_plot:/home/agata/ros2_humble/install/rqt_action:/home/agata/ros2_humble/install/rqt_msg:/home/agata/ros2_humble/install/rqt_console:/home/agata/ros2_humble/install/rqt:/home/agata/ros2_humble/install/rqt_graph:/home/agata/ros2_humble/install/rqt_gui_py:/home/agata/ros2_humble/install/rqt_gui:/home/agata/ros2_humble/install/ros2trace:/home/agata/ros2_humble/install/ros2topic:/home/agata/ros2_humble/install/ros2test:/home/agata/ros2_humble/install/ros2component:/home/agata/ros2_humble/install/ros2param:/home/agata/ros2_humble/install/ros2lifecycle:/home/agata/ros2_humble/install/ros2service:/home/agata/ros2_humble/install/ros2run:/home/agata/ros2_humble/install/ros2launch:/home/agata/ros2_humble/install/ros2pkg:/home/agata/ros2_humble/install/ros2node:/home/agata/ros2_humble/install/ros2multicast:/home/agata/ros2_humble/install/ros2interface:/home/agata/ros2_humble/install/ros2doctor:/home/agata/ros2_humble/install/ros2action:/home/agata/ros2_humble/install/ros2cli:/home/agata/ros2_humble/install/quality_of_service_demo_py:/home/agata/ros2_humble/install/lifecycle_py:/home/agata/ros2_humble/install/launch_testing_ros:/home/agata/ros2_humble/install/launch_ros:/home/agata/ros2_humble/install/examples_rclpy_pointcloud_publisher:/home/agata/ros2_humble/install/examples_rclpy_minimal_subscriber:/home/agata/ros2_humble/install/examples_rclpy_minimal_service:/home/agata/ros2_humble/install/examples_rclpy_minimal_publisher:/home/agata/ros2_humble/install/examples_rclpy_minimal_client:/home/agata/ros2_humble/install/examples_rclpy_minimal_action_server:/home/agata/ros2_humble/install/examples_rclpy_minimal_action_client:/home/agata/ros2_humble/install/examples_rclpy_guard_conditions:/home/agata/ros2_humble/install/examples_rclpy_executors:/home/agata/ros2_humble/install/demo_nodes_py:/home/agata/ros2_humble/install/action_tutorials_py:/home/agata/ros2_humble/install/ament_uncrustify:/home/agata/ros2_humble/install/tracetools_trace:/home/agata/ros2_humble/install/tracetools_read:/home/agata/ros2_humble/install/test_tracetools_launch:/home/agata/ros2_humble/install/test_launch_ros:/home/agata/ros2_humble/install/sensor_msgs_py:/home/agata/ros2_humble/install/rpyutils:/home/agata/ros2_humble/install/rosidl_runtime_py:/home/agata/ros2_humble/install/rosidl_cli:/home/agata/ros2_humble/install/launch_pytest:/home/agata/ros2_humble/install/launch_testing:/home/agata/ros2_humble/install/launch_yaml:/home/agata/ros2_humble/install/launch_xml:/home/agata/ros2_humble/install/launch:/home/agata/ros2_humble/install/osrf_pycommon:/home/agata/ros2_humble/install/launch_testing_examples:/home/agata/ros2_humble/install/domain_coordinator:/home/agata/ros2_humble/install/ament_xmllint:/home/agata/ros2_humble/install/ament_pyflakes:/home/agata/ros2_humble/install/ament_pycodestyle:/home/agata/ros2_humble/install/ament_pep257:/home/agata/ros2_humble/install/ament_pclint:/home/agata/ros2_humble/install/ament_package:/home/agata/ros2_humble/install/ament_mypy:/home/agata/ros2_humble/install/ament_lint_cmake:/home/agata/ros2_humble/install/ament_flake8:/home/agata/ros2_humble/install/ament_copyright:/home/agata/ros2_humble/install/ament_lint:/home/agata/ros2_humble/install/ament_index_python:/home/agata/ros2_humble/install/ament_cpplint:/home/agata/ros2_humble/install/ament_cppcheck:/home/agata/ros2_humble/install/ament_clang_tidy:/home/agata/ros2_humble/install/ament_clang_format /usr/bin/cmake /home/agata/pong_ws/src/cpp_pubsub -DCMAKE_INSTALL_PREFIX=/home/agata/pong_ws/src/install/cpp_pubsub
[0.173s] -- The C compiler identification is GNU 9.4.0
[0.288s] -- The CXX compiler identification is GNU 9.4.0
[0.305s] -- Check for working C compiler: /usr/bin/cc
[0.401s] -- Check for working C compiler: /usr/bin/cc -- works
[0.402s] -- Detecting C compiler ABI info
[0.507s] -- Detecting C compiler ABI info - done
[0.518s] -- Detecting C compile features
[0.519s] -- Detecting C compile features - done
[0.521s] -- Check for working CXX compiler: /usr/bin/c++
[0.627s] -- Check for working CXX compiler: /usr/bin/c++ -- works
[0.628s] -- Detecting CXX compiler ABI info
[0.734s] -- Detecting CXX compiler ABI info - done
[0.745s] -- Detecting CXX compile features
[0.745s] -- Detecting CXX compile features - done
[0.758s] -- Found ament_cmake: 1.3.3 (/home/agata/ros2_humble/install/ament_cmake/share/ament_cmake/cmake)
[3.162s] -- Found Python3: /usr/bin/python3.8 (found version "3.8.10") found components: Interpreter 
[3.806s] -- Found rclcpp: 16.0.3 (/home/agata/ros2_humble/install/rclcpp/share/rclcpp/cmake)
[3.944s] -- Found rosidl_generator_c: 3.1.4 (/home/agata/ros2_humble/install/rosidl_generator_c/share/rosidl_generator_c/cmake)
[3.964s] -- Found rosidl_adapter: 3.1.4 (/home/agata/ros2_humble/install/rosidl_adapter/share/rosidl_adapter/cmake)
[3.990s] -- Found rosidl_generator_cpp: 3.1.4 (/home/agata/ros2_humble/install/rosidl_generator_cpp/share/rosidl_generator_cpp/cmake)
[4.052s] -- Using all available rosidl_typesupport_c: rosidl_typesupport_introspection_c;rosidl_typesupport_fastrtps_c
[4.127s] -- Using all available rosidl_typesupport_cpp: rosidl_typesupport_introspection_cpp;rosidl_typesupport_fastrtps_cpp
[4.319s] -- Found rmw_implementation_cmake: 6.1.1 (/home/agata/ros2_humble/install/rmw_implementation_cmake/share/rmw_implementation_cmake/cmake)
[4.356s] -- Found rmw_fastrtps_cpp: 6.2.2 (/home/agata/ros2_humble/install/rmw_fastrtps_cpp/share/rmw_fastrtps_cpp/cmake)
[4.621s] -- Found OpenSSL: /usr/lib/x86_64-linux-gnu/libcrypto.so (found version "1.1.1f")  
[4.675s] -- Found FastRTPS: /home/agata/ros2_humble/install/fastrtps/include  
[4.784s] -- Using RMW implementation 'rmw_fastrtps_cpp' as default
[4.821s] -- Looking for pthread.h
[4.922s] -- Looking for pthread.h - found
[4.922s] -- Performing Test CMAKE_HAVE_LIBC_PTHREAD
[5.019s] -- Performing Test CMAKE_HAVE_LIBC_PTHREAD - Failed
[5.019s] -- Looking for pthread_create in pthreads
[5.173s] -- Looking for pthread_create in pthreads - not found
[5.173s] -- Looking for pthread_create in pthread
[5.269s] -- Looking for pthread_create in pthread - found
[5.270s] -- Found Threads: TRUE  
[6.009s] -- Configuring done
[6.023s] -- Generating done
[6.025s] -- Build files have been written to: /home/agata/pong_ws/src/build/cpp_pubsub
