[0.528s] DEBUG:colcon:Command line arguments: ['/usr/bin/colcon', 'build', '--packages-select', 'key_input']
[0.528s] DEBUG:colcon:Parsed command line arguments: Namespace(allow_overriding=[], ament_cmake_args=None, base_paths=['.'], build_base='build', catkin_cmake_args=None, catkin_skip_building_tests=False, cmake_args=None, cmake_clean_cache=False, cmake_clean_first=False, cmake_force_configure=False, cmake_target=None, cmake_target_skip_unavailable=False, continue_on_error=False, event_handlers=None, executor='parallel', ignore_user_meta=False, install_base='install', log_base=None, log_level=None, main=<bound method BuildVerb.main of <colcon_core.verb.build.BuildVerb object at 0x7fef53c76940>>, merge_install=False, metas=['./colcon.meta'], packages_above=None, packages_above_and_dependencies=None, packages_above_depth=None, packages_end=None, packages_ignore=None, packages_ignore_regex=None, packages_select=['key_input'], packages_select_build_failed=False, packages_select_by_dep=None, packages_select_regex=None, packages_select_test_failures=False, packages_skip=None, packages_skip_build_finished=False, packages_skip_by_dep=None, packages_skip_regex=None, packages_skip_test_passed=False, packages_skip_up_to=None, packages_start=None, packages_up_to=None, packages_up_to_regex=None, parallel_workers=12, paths=None, symlink_install=False, test_result_base=None, verb_extension=<colcon_core.verb.build.BuildVerb object at 0x7fef53c76940>, verb_name='build', verb_parser=<colcon_defaults.argument_parser.defaults.DefaultArgumentsDecorator object at 0x7fef53c76eb0>)
[0.583s] Level 1:colcon.colcon_core.package_discovery:discover_packages(colcon_meta) check parameters
[0.583s] Level 1:colcon.colcon_core.package_discovery:discover_packages(recursive) check parameters
[0.583s] Level 1:colcon.colcon_core.package_discovery:discover_packages(ignore) check parameters
[0.583s] Level 1:colcon.colcon_core.package_discovery:discover_packages(path) check parameters
[0.583s] Level 1:colcon.colcon_core.package_discovery:discover_packages(colcon_meta) discover
[0.583s] Level 1:colcon.colcon_core.package_discovery:discover_packages(recursive) discover
[0.583s] INFO:colcon.colcon_core.package_discovery:Crawling recursively for packages in '/home/agata/pong_ws/src'
[0.583s] Level 1:colcon.colcon_core.package_identification:_identify(.) by extensions ['ignore', 'ignore_ament_install']
[0.583s] Level 1:colcon.colcon_core.package_identification:_identify(.) by extension 'ignore'
[0.583s] Level 1:colcon.colcon_core.package_identification:_identify(.) by extension 'ignore_ament_install'
[0.583s] Level 1:colcon.colcon_core.package_identification:_identify(.) by extensions ['colcon_pkg']
[0.583s] Level 1:colcon.colcon_core.package_identification:_identify(.) by extension 'colcon_pkg'
[0.584s] Level 1:colcon.colcon_core.package_identification:_identify(.) by extensions ['colcon_meta']
[0.584s] Level 1:colcon.colcon_core.package_identification:_identify(.) by extension 'colcon_meta'
[0.584s] Level 1:colcon.colcon_core.package_identification:_identify(.) by extensions ['ros']
[0.584s] Level 1:colcon.colcon_core.package_identification:_identify(.) by extension 'ros'
[0.595s] Level 1:colcon.colcon_core.package_identification:_identify(.) by extensions ['cmake', 'python']
[0.595s] Level 1:colcon.colcon_core.package_identification:_identify(.) by extension 'cmake'
[0.595s] Level 1:colcon.colcon_core.package_identification:_identify(.) by extension 'python'
[0.595s] Level 1:colcon.colcon_core.package_identification:_identify(.) by extensions ['python_setup_py']
[0.595s] Level 1:colcon.colcon_core.package_identification:_identify(.) by extension 'python_setup_py'
[0.595s] Level 1:colcon.colcon_core.package_identification:_identify(build) by extensions ['ignore', 'ignore_ament_install']
[0.595s] Level 1:colcon.colcon_core.package_identification:_identify(build) by extension 'ignore'
[0.596s] Level 1:colcon.colcon_core.package_identification:_identify(build) ignored
[0.596s] Level 1:colcon.colcon_core.package_identification:_identify(cam_input) by extensions ['ignore', 'ignore_ament_install']
[0.596s] Level 1:colcon.colcon_core.package_identification:_identify(cam_input) by extension 'ignore'
[0.596s] Level 1:colcon.colcon_core.package_identification:_identify(cam_input) by extension 'ignore_ament_install'
[0.596s] Level 1:colcon.colcon_core.package_identification:_identify(cam_input) by extensions ['colcon_pkg']
[0.596s] Level 1:colcon.colcon_core.package_identification:_identify(cam_input) by extension 'colcon_pkg'
[0.596s] Level 1:colcon.colcon_core.package_identification:_identify(cam_input) by extensions ['colcon_meta']
[0.596s] Level 1:colcon.colcon_core.package_identification:_identify(cam_input) by extension 'colcon_meta'
[0.596s] Level 1:colcon.colcon_core.package_identification:_identify(cam_input) by extensions ['ros']
[0.596s] Level 1:colcon.colcon_core.package_identification:_identify(cam_input) by extension 'ros'
[0.598s] DEBUG:colcon.colcon_core.package_identification:Package 'cam_input' with type 'ros.ament_cmake' and name 'cam_input'
[0.599s] Level 1:colcon.colcon_core.package_identification:_identify(cpp_pubsub) by extensions ['ignore', 'ignore_ament_install']
[0.599s] Level 1:colcon.colcon_core.package_identification:_identify(cpp_pubsub) by extension 'ignore'
[0.599s] Level 1:colcon.colcon_core.package_identification:_identify(cpp_pubsub) by extension 'ignore_ament_install'
[0.599s] Level 1:colcon.colcon_core.package_identification:_identify(cpp_pubsub) by extensions ['colcon_pkg']
[0.599s] Level 1:colcon.colcon_core.package_identification:_identify(cpp_pubsub) by extension 'colcon_pkg'
[0.599s] Level 1:colcon.colcon_core.package_identification:_identify(cpp_pubsub) by extensions ['colcon_meta']
[0.599s] Level 1:colcon.colcon_core.package_identification:_identify(cpp_pubsub) by extension 'colcon_meta'
[0.599s] Level 1:colcon.colcon_core.package_identification:_identify(cpp_pubsub) by extensions ['ros']
[0.599s] Level 1:colcon.colcon_core.package_identification:_identify(cpp_pubsub) by extension 'ros'
[0.600s] DEBUG:colcon.colcon_core.package_identification:Package 'cpp_pubsub' with type 'ros.ament_cmake' and name 'cpp_pubsub'
[0.600s] Level 1:colcon.colcon_core.package_identification:_identify(custom_messages) by extensions ['ignore', 'ignore_ament_install']
[0.600s] Level 1:colcon.colcon_core.package_identification:_identify(custom_messages) by extension 'ignore'
[0.600s] Level 1:colcon.colcon_core.package_identification:_identify(custom_messages) by extension 'ignore_ament_install'
[0.600s] Level 1:colcon.colcon_core.package_identification:_identify(custom_messages) by extensions ['colcon_pkg']
[0.600s] Level 1:colcon.colcon_core.package_identification:_identify(custom_messages) by extension 'colcon_pkg'
[0.600s] Level 1:colcon.colcon_core.package_identification:_identify(custom_messages) by extensions ['colcon_meta']
[0.600s] Level 1:colcon.colcon_core.package_identification:_identify(custom_messages) by extension 'colcon_meta'
[0.600s] Level 1:colcon.colcon_core.package_identification:_identify(custom_messages) by extensions ['ros']
[0.600s] Level 1:colcon.colcon_core.package_identification:_identify(custom_messages) by extension 'ros'
[0.600s] DEBUG:colcon.colcon_core.package_identification:Package 'custom_messages' with type 'ros.ament_cmake' and name 'custom_messages'
[0.601s] Level 1:colcon.colcon_core.package_identification:_identify(include) by extensions ['ignore', 'ignore_ament_install']
[0.601s] Level 1:colcon.colcon_core.package_identification:_identify(include) by extension 'ignore'
[0.601s] Level 1:colcon.colcon_core.package_identification:_identify(include) by extension 'ignore_ament_install'
[0.601s] Level 1:colcon.colcon_core.package_identification:_identify(include) by extensions ['colcon_pkg']
[0.601s] Level 1:colcon.colcon_core.package_identification:_identify(include) by extension 'colcon_pkg'
[0.601s] Level 1:colcon.colcon_core.package_identification:_identify(include) by extensions ['colcon_meta']
[0.601s] Level 1:colcon.colcon_core.package_identification:_identify(include) by extension 'colcon_meta'
[0.601s] Level 1:colcon.colcon_core.package_identification:_identify(include) by extensions ['ros']
[0.601s] Level 1:colcon.colcon_core.package_identification:_identify(include) by extension 'ros'
[0.601s] Level 1:colcon.colcon_core.package_identification:_identify(include) by extensions ['cmake', 'python']
[0.601s] Level 1:colcon.colcon_core.package_identification:_identify(include) by extension 'cmake'
[0.601s] Level 1:colcon.colcon_core.package_identification:_identify(include) by extension 'python'
[0.601s] Level 1:colcon.colcon_core.package_identification:_identify(include) by extensions ['python_setup_py']
[0.601s] Level 1:colcon.colcon_core.package_identification:_identify(include) by extension 'python_setup_py'
[0.601s] Level 1:colcon.colcon_core.package_identification:_identify(install) by extensions ['ignore', 'ignore_ament_install']
[0.601s] Level 1:colcon.colcon_core.package_identification:_identify(install) by extension 'ignore'
[0.601s] Level 1:colcon.colcon_core.package_identification:_identify(install) ignored
[0.601s] Level 1:colcon.colcon_core.package_identification:_identify(key_input) by extensions ['ignore', 'ignore_ament_install']
[0.602s] Level 1:colcon.colcon_core.package_identification:_identify(key_input) by extension 'ignore'
[0.602s] Level 1:colcon.colcon_core.package_identification:_identify(key_input) by extension 'ignore_ament_install'
[0.602s] Level 1:colcon.colcon_core.package_identification:_identify(key_input) by extensions ['colcon_pkg']
[0.602s] Level 1:colcon.colcon_core.package_identification:_identify(key_input) by extension 'colcon_pkg'
[0.602s] Level 1:colcon.colcon_core.package_identification:_identify(key_input) by extensions ['colcon_meta']
[0.602s] Level 1:colcon.colcon_core.package_identification:_identify(key_input) by extension 'colcon_meta'
[0.602s] Level 1:colcon.colcon_core.package_identification:_identify(key_input) by extensions ['ros']
[0.602s] Level 1:colcon.colcon_core.package_identification:_identify(key_input) by extension 'ros'
[0.602s] DEBUG:colcon.colcon_core.package_identification:Package 'key_input' with type 'ros.ament_cmake' and name 'key_input'
[0.602s] Level 1:colcon.colcon_core.package_identification:_identify(keyboard_input) by extensions ['ignore', 'ignore_ament_install']
[0.603s] Level 1:colcon.colcon_core.package_identification:_identify(keyboard_input) by extension 'ignore'
[0.603s] Level 1:colcon.colcon_core.package_identification:_identify(keyboard_input) by extension 'ignore_ament_install'
[0.603s] Level 1:colcon.colcon_core.package_identification:_identify(keyboard_input) by extensions ['colcon_pkg']
[0.603s] Level 1:colcon.colcon_core.package_identification:_identify(keyboard_input) by extension 'colcon_pkg'
[0.603s] Level 1:colcon.colcon_core.package_identification:_identify(keyboard_input) by extensions ['colcon_meta']
[0.603s] Level 1:colcon.colcon_core.package_identification:_identify(keyboard_input) by extension 'colcon_meta'
[0.603s] Level 1:colcon.colcon_core.package_identification:_identify(keyboard_input) by extensions ['ros']
[0.603s] Level 1:colcon.colcon_core.package_identification:_identify(keyboard_input) by extension 'ros'
[0.603s] DEBUG:colcon.colcon_core.package_identification:Package 'keyboard_input' with type 'ros.ament_cmake' and name 'keyboard_input'
[0.603s] Level 1:colcon.colcon_core.package_identification:_identify(log) by extensions ['ignore', 'ignore_ament_install']
[0.604s] Level 1:colcon.colcon_core.package_identification:_identify(log) by extension 'ignore'
[0.604s] Level 1:colcon.colcon_core.package_identification:_identify(log) ignored
[0.604s] Level 1:colcon.colcon_core.package_identification:_identify(pong_core) by extensions ['ignore', 'ignore_ament_install']
[0.604s] Level 1:colcon.colcon_core.package_identification:_identify(pong_core) by extension 'ignore'
[0.604s] Level 1:colcon.colcon_core.package_identification:_identify(pong_core) by extension 'ignore_ament_install'
[0.604s] Level 1:colcon.colcon_core.package_identification:_identify(pong_core) by extensions ['colcon_pkg']
[0.604s] Level 1:colcon.colcon_core.package_identification:_identify(pong_core) by extension 'colcon_pkg'
[0.604s] Level 1:colcon.colcon_core.package_identification:_identify(pong_core) by extensions ['colcon_meta']
[0.604s] Level 1:colcon.colcon_core.package_identification:_identify(pong_core) by extension 'colcon_meta'
[0.604s] Level 1:colcon.colcon_core.package_identification:_identify(pong_core) by extensions ['ros']
[0.604s] Level 1:colcon.colcon_core.package_identification:_identify(pong_core) by extension 'ros'
[0.605s] DEBUG:colcon.colcon_core.package_identification:Package 'pong_core' with type 'ros.ament_cmake' and name 'pong_core'
[0.605s] Level 1:colcon.colcon_core.package_identification:_identify(pong_visualization) by extensions ['ignore', 'ignore_ament_install']
[0.605s] Level 1:colcon.colcon_core.package_identification:_identify(pong_visualization) by extension 'ignore'
[0.605s] Level 1:colcon.colcon_core.package_identification:_identify(pong_visualization) by extension 'ignore_ament_install'
[0.605s] Level 1:colcon.colcon_core.package_identification:_identify(pong_visualization) by extensions ['colcon_pkg']
[0.605s] Level 1:colcon.colcon_core.package_identification:_identify(pong_visualization) by extension 'colcon_pkg'
[0.605s] Level 1:colcon.colcon_core.package_identification:_identify(pong_visualization) by extensions ['colcon_meta']
[0.605s] Level 1:colcon.colcon_core.package_identification:_identify(pong_visualization) by extension 'colcon_meta'
[0.605s] Level 1:colcon.colcon_core.package_identification:_identify(pong_visualization) by extensions ['ros']
[0.605s] Level 1:colcon.colcon_core.package_identification:_identify(pong_visualization) by extension 'ros'
[0.606s] DEBUG:colcon.colcon_core.package_identification:Package 'pong_visualization' with type 'ros.ament_cmake' and name 'pong_visualization'
[0.606s] Level 1:colcon.colcon_core.package_identification:_identify(vision_opencv) by extensions ['ignore', 'ignore_ament_install']
[0.607s] Level 1:colcon.colcon_core.package_identification:_identify(vision_opencv) by extension 'ignore'
[0.607s] Level 1:colcon.colcon_core.package_identification:_identify(vision_opencv) by extension 'ignore_ament_install'
[0.607s] Level 1:colcon.colcon_core.package_identification:_identify(vision_opencv) by extensions ['colcon_pkg']
[0.607s] Level 1:colcon.colcon_core.package_identification:_identify(vision_opencv) by extension 'colcon_pkg'
[0.607s] Level 1:colcon.colcon_core.package_identification:_identify(vision_opencv) by extensions ['colcon_meta']
[0.607s] Level 1:colcon.colcon_core.package_identification:_identify(vision_opencv) by extension 'colcon_meta'
[0.607s] Level 1:colcon.colcon_core.package_identification:_identify(vision_opencv) by extensions ['ros']
[0.607s] Level 1:colcon.colcon_core.package_identification:_identify(vision_opencv) by extension 'ros'
[0.607s] Level 1:colcon.colcon_core.package_identification:_identify(vision_opencv) by extensions ['cmake', 'python']
[0.607s] Level 1:colcon.colcon_core.package_identification:_identify(vision_opencv) by extension 'cmake'
[0.607s] Level 1:colcon.colcon_core.package_identification:_identify(vision_opencv) by extension 'python'
[0.607s] Level 1:colcon.colcon_core.package_identification:_identify(vision_opencv) by extensions ['python_setup_py']
[0.607s] Level 1:colcon.colcon_core.package_identification:_identify(vision_opencv) by extension 'python_setup_py'
[0.607s] Level 1:colcon.colcon_core.package_identification:_identify(vision_opencv/cv_bridge) by extensions ['ignore', 'ignore_ament_install']
[0.608s] Level 1:colcon.colcon_core.package_identification:_identify(vision_opencv/cv_bridge) by extension 'ignore'
[0.608s] Level 1:colcon.colcon_core.package_identification:_identify(vision_opencv/cv_bridge) by extension 'ignore_ament_install'
[0.608s] Level 1:colcon.colcon_core.package_identification:_identify(vision_opencv/cv_bridge) by extensions ['colcon_pkg']
[0.608s] Level 1:colcon.colcon_core.package_identification:_identify(vision_opencv/cv_bridge) by extension 'colcon_pkg'
[0.608s] Level 1:colcon.colcon_core.package_identification:_identify(vision_opencv/cv_bridge) by extensions ['colcon_meta']
[0.608s] Level 1:colcon.colcon_core.package_identification:_identify(vision_opencv/cv_bridge) by extension 'colcon_meta'
[0.608s] Level 1:colcon.colcon_core.package_identification:_identify(vision_opencv/cv_bridge) by extensions ['ros']
[0.608s] Level 1:colcon.colcon_core.package_identification:_identify(vision_opencv/cv_bridge) by extension 'ros'
[0.609s] DEBUG:colcon.colcon_core.package_identification:Package 'vision_opencv/cv_bridge' with type 'ros.ament_cmake' and name 'cv_bridge'
[0.609s] Level 1:colcon.colcon_core.package_identification:_identify(vision_opencv/image_geometry) by extensions ['ignore', 'ignore_ament_install']
[0.610s] Level 1:colcon.colcon_core.package_identification:_identify(vision_opencv/image_geometry) by extension 'ignore'
[0.610s] Level 1:colcon.colcon_core.package_identification:_identify(vision_opencv/image_geometry) by extension 'ignore_ament_install'
[0.610s] Level 1:colcon.colcon_core.package_identification:_identify(vision_opencv/image_geometry) by extensions ['colcon_pkg']
[0.610s] Level 1:colcon.colcon_core.package_identification:_identify(vision_opencv/image_geometry) by extension 'colcon_pkg'
[0.610s] Level 1:colcon.colcon_core.package_identification:_identify(vision_opencv/image_geometry) by extensions ['colcon_meta']
[0.610s] Level 1:colcon.colcon_core.package_identification:_identify(vision_opencv/image_geometry) by extension 'colcon_meta'
[0.610s] Level 1:colcon.colcon_core.package_identification:_identify(vision_opencv/image_geometry) by extensions ['ros']
[0.610s] Level 1:colcon.colcon_core.package_identification:_identify(vision_opencv/image_geometry) by extension 'ros'
[0.611s] DEBUG:colcon.colcon_core.package_identification:Package 'vision_opencv/image_geometry' with type 'ros.ament_cmake' and name 'image_geometry'
[0.611s] Level 1:colcon.colcon_core.package_identification:_identify(vision_opencv/opencv_tests) by extensions ['ignore', 'ignore_ament_install']
[0.611s] Level 1:colcon.colcon_core.package_identification:_identify(vision_opencv/opencv_tests) by extension 'ignore'
[0.611s] Level 1:colcon.colcon_core.package_identification:_identify(vision_opencv/opencv_tests) by extension 'ignore_ament_install'
[0.611s] Level 1:colcon.colcon_core.package_identification:_identify(vision_opencv/opencv_tests) by extensions ['colcon_pkg']
[0.611s] Level 1:colcon.colcon_core.package_identification:_identify(vision_opencv/opencv_tests) by extension 'colcon_pkg'
[0.612s] Level 1:colcon.colcon_core.package_identification:_identify(vision_opencv/opencv_tests) by extensions ['colcon_meta']
[0.612s] Level 1:colcon.colcon_core.package_identification:_identify(vision_opencv/opencv_tests) by extension 'colcon_meta'
[0.612s] Level 1:colcon.colcon_core.package_identification:_identify(vision_opencv/opencv_tests) by extensions ['ros']
[0.612s] Level 1:colcon.colcon_core.package_identification:_identify(vision_opencv/opencv_tests) by extension 'ros'
[0.612s] DEBUG:colcon.colcon_core.package_identification:Package 'vision_opencv/opencv_tests' with type 'ros.ament_python' and name 'opencv_tests'
[0.612s] Level 1:colcon.colcon_core.package_identification:_identify(vision_opencv/vision_opencv) by extensions ['ignore', 'ignore_ament_install']
[0.613s] Level 1:colcon.colcon_core.package_identification:_identify(vision_opencv/vision_opencv) by extension 'ignore'
[0.613s] Level 1:colcon.colcon_core.package_identification:_identify(vision_opencv/vision_opencv) by extension 'ignore_ament_install'
[0.613s] Level 1:colcon.colcon_core.package_identification:_identify(vision_opencv/vision_opencv) by extensions ['colcon_pkg']
[0.613s] Level 1:colcon.colcon_core.package_identification:_identify(vision_opencv/vision_opencv) by extension 'colcon_pkg'
[0.613s] Level 1:colcon.colcon_core.package_identification:_identify(vision_opencv/vision_opencv) by extensions ['colcon_meta']
[0.613s] Level 1:colcon.colcon_core.package_identification:_identify(vision_opencv/vision_opencv) by extension 'colcon_meta'
[0.613s] Level 1:colcon.colcon_core.package_identification:_identify(vision_opencv/vision_opencv) by extensions ['ros']
[0.613s] Level 1:colcon.colcon_core.package_identification:_identify(vision_opencv/vision_opencv) by extension 'ros'
[0.614s] DEBUG:colcon.colcon_core.package_identification:Package 'vision_opencv/vision_opencv' with type 'ros.ament_cmake' and name 'vision_opencv'
[0.614s] Level 1:colcon.colcon_core.package_discovery:discover_packages(recursive) using defaults
[0.614s] Level 1:colcon.colcon_core.package_discovery:discover_packages(ignore) discover
[0.614s] Level 1:colcon.colcon_core.package_discovery:discover_packages(ignore) using defaults
[0.614s] Level 1:colcon.colcon_core.package_discovery:discover_packages(path) discover
[0.614s] Level 1:colcon.colcon_core.package_discovery:discover_packages(path) using defaults
[0.660s] INFO:colcon.colcon_core.package_selection:Skipping not selected package 'cpp_pubsub' in 'cpp_pubsub'
[0.660s] INFO:colcon.colcon_core.package_selection:Skipping not selected package 'custom_messages' in 'custom_messages'
[0.660s] INFO:colcon.colcon_core.package_selection:Skipping not selected package 'cv_bridge' in 'vision_opencv/cv_bridge'
[0.660s] INFO:colcon.colcon_core.package_selection:Skipping not selected package 'image_geometry' in 'vision_opencv/image_geometry'
[0.660s] INFO:colcon.colcon_core.package_selection:Skipping not selected package 'keyboard_input' in 'keyboard_input'
[0.660s] INFO:colcon.colcon_core.package_selection:Skipping not selected package 'cam_input' in 'cam_input'
[0.660s] INFO:colcon.colcon_core.package_selection:Skipping not selected package 'opencv_tests' in 'vision_opencv/opencv_tests'
[0.660s] INFO:colcon.colcon_core.package_selection:Skipping not selected package 'pong_core' in 'pong_core'
[0.660s] INFO:colcon.colcon_core.package_selection:Skipping not selected package 'pong_visualization' in 'pong_visualization'
[0.660s] INFO:colcon.colcon_core.package_selection:Skipping not selected package 'vision_opencv' in 'vision_opencv/vision_opencv'
[0.661s] Level 1:colcon.colcon_core.package_discovery:discover_packages(prefix_path) check parameters
[0.661s] Level 1:colcon.colcon_core.package_discovery:discover_packages(prefix_path) discover
[0.676s] DEBUG:colcon.colcon_installed_package_information.package_discovery:Found 12 installed packages in /home/agata/pong_ws/install
[0.686s] DEBUG:colcon.colcon_installed_package_information.package_discovery:Found 343 installed packages in /home/agata/ros2_humble/install
[0.688s] Level 1:colcon.colcon_core.package_discovery:discover_packages(prefix_path) using defaults
[0.713s] Level 5:colcon.colcon_core.verb:set package 'key_input' build argument 'cmake_args' from command line to 'None'
[0.713s] Level 5:colcon.colcon_core.verb:set package 'key_input' build argument 'cmake_target' from command line to 'None'
[0.713s] Level 5:colcon.colcon_core.verb:set package 'key_input' build argument 'cmake_target_skip_unavailable' from command line to 'False'
[0.713s] Level 5:colcon.colcon_core.verb:set package 'key_input' build argument 'cmake_clean_cache' from command line to 'False'
[0.713s] Level 5:colcon.colcon_core.verb:set package 'key_input' build argument 'cmake_clean_first' from command line to 'False'
[0.713s] Level 5:colcon.colcon_core.verb:set package 'key_input' build argument 'cmake_force_configure' from command line to 'False'
[0.713s] Level 5:colcon.colcon_core.verb:set package 'key_input' build argument 'ament_cmake_args' from command line to 'None'
[0.713s] Level 5:colcon.colcon_core.verb:set package 'key_input' build argument 'catkin_cmake_args' from command line to 'None'
[0.713s] Level 5:colcon.colcon_core.verb:set package 'key_input' build argument 'catkin_skip_building_tests' from command line to 'False'
[0.713s] DEBUG:colcon.colcon_core.verb:Building package 'key_input' with the following arguments: {'ament_cmake_args': None, 'build_base': '/home/agata/pong_ws/src/build/key_input', 'catkin_cmake_args': None, 'catkin_skip_building_tests': False, 'cmake_args': None, 'cmake_clean_cache': False, 'cmake_clean_first': False, 'cmake_force_configure': False, 'cmake_target': None, 'cmake_target_skip_unavailable': False, 'install_base': '/home/agata/pong_ws/src/install/key_input', 'merge_install': False, 'path': '/home/agata/pong_ws/src/key_input', 'symlink_install': False, 'test_result_base': None}
[0.715s] INFO:colcon.colcon_core.executor:Executing jobs using 'parallel' executor
[0.725s] DEBUG:colcon.colcon_parallel_executor.executor.parallel:run_until_complete
[0.726s] INFO:colcon.colcon_ros.task.ament_cmake.build:Building ROS package in '/home/agata/pong_ws/src/key_input' with build type 'ament_cmake'
[0.726s] INFO:colcon.colcon_cmake.task.cmake.build:Building CMake package in '/home/agata/pong_ws/src/key_input'
[0.736s] INFO:colcon.colcon_core.plugin_system:Skipping extension 'colcon_core.shell.bat': Not used on non-Windows systems
[0.737s] INFO:colcon.colcon_core.shell:Skip shell extension 'powershell' for command environment: Not usable outside of PowerShell
[0.737s] DEBUG:colcon.colcon_core.shell:Skip shell extension 'dsv' for command environment
[0.772s] DEBUG:colcon.colcon_core.event_handler.log_command:Invoking command in '/home/agata/pong_ws/src/build/key_input': CMAKE_PREFIX_PATH=${CMAKE_PREFIX_PATH}:/home/agata/pong_ws/install/opencv_tests:/home/agata/ros2_humble/install/rqt_bag_plugins:/home/agata/ros2_humble/install/rqt_bag:/home/agata/ros2_humble/install/ros2bag:/home/agata/ros2_humble/install/tracetools_test:/home/agata/ros2_humble/install/tracetools_launch:/home/agata/ros2_humble/install/topic_monitor:/home/agata/ros2_humble/install/tf2_tools:/home/agata/ros2_humble/install/examples_tf2_py:/home/agata/ros2_humble/install/tf2_ros_py:/home/agata/ros2_humble/install/sros2:/home/agata/ros2_humble/install/rqt_topic:/home/agata/ros2_humble/install/rqt_srv:/home/agata/ros2_humble/install/rqt_shell:/home/agata/ros2_humble/install/rqt_service_caller:/home/agata/ros2_humble/install/rqt_reconfigure:/home/agata/ros2_humble/install/rqt_py_console:/home/agata/ros2_humble/install/rqt_publisher:/home/agata/ros2_humble/install/rqt_plot:/home/agata/ros2_humble/install/rqt_action:/home/agata/ros2_humble/install/rqt_msg:/home/agata/ros2_humble/install/rqt_console:/home/agata/ros2_humble/install/rqt:/home/agata/ros2_humble/install/rqt_graph:/home/agata/ros2_humble/install/rqt_gui_py:/home/agata/ros2_humble/install/rqt_gui:/home/agata/ros2_humble/install/ros2trace:/home/agata/ros2_humble/install/ros2topic:/home/agata/ros2_humble/install/ros2test:/home/agata/ros2_humble/install/ros2component:/home/agata/ros2_humble/install/ros2param:/home/agata/ros2_humble/install/ros2lifecycle:/home/agata/ros2_humble/install/ros2service:/home/agata/ros2_humble/install/ros2run:/home/agata/ros2_humble/install/ros2launch:/home/agata/ros2_humble/install/ros2pkg:/home/agata/ros2_humble/install/ros2node:/home/agata/ros2_humble/install/ros2multicast:/home/agata/ros2_humble/install/ros2interface:/home/agata/ros2_humble/install/ros2doctor:/home/agata/ros2_humble/install/ros2action:/home/agata/ros2_humble/install/ros2cli:/home/agata/ros2_humble/install/quality_of_service_demo_py:/home/agata/ros2_humble/install/lifecycle_py:/home/agata/ros2_humble/install/launch_testing_ros:/home/agata/ros2_humble/install/launch_ros:/home/agata/ros2_humble/install/examples_rclpy_pointcloud_publisher:/home/agata/ros2_humble/install/examples_rclpy_minimal_subscriber:/home/agata/ros2_humble/install/examples_rclpy_minimal_service:/home/agata/ros2_humble/install/examples_rclpy_minimal_publisher:/home/agata/ros2_humble/install/examples_rclpy_minimal_client:/home/agata/ros2_humble/install/examples_rclpy_minimal_action_server:/home/agata/ros2_humble/install/examples_rclpy_minimal_action_client:/home/agata/ros2_humble/install/examples_rclpy_guard_conditions:/home/agata/ros2_humble/install/examples_rclpy_executors:/home/agata/ros2_humble/install/demo_nodes_py:/home/agata/ros2_humble/install/action_tutorials_py:/home/agata/ros2_humble/install/ament_uncrustify:/home/agata/ros2_humble/install/tracetools_trace:/home/agata/ros2_humble/install/tracetools_read:/home/agata/ros2_humble/install/test_tracetools_launch:/home/agata/ros2_humble/install/test_launch_ros:/home/agata/ros2_humble/install/sensor_msgs_py:/home/agata/ros2_humble/install/rpyutils:/home/agata/ros2_humble/install/rosidl_runtime_py:/home/agata/ros2_humble/install/rosidl_cli:/home/agata/ros2_humble/install/launch_pytest:/home/agata/ros2_humble/install/launch_testing:/home/agata/ros2_humble/install/launch_yaml:/home/agata/ros2_humble/install/launch_xml:/home/agata/ros2_humble/install/launch:/home/agata/ros2_humble/install/osrf_pycommon:/home/agata/ros2_humble/install/launch_testing_examples:/home/agata/ros2_humble/install/domain_coordinator:/home/agata/ros2_humble/install/ament_xmllint:/home/agata/ros2_humble/install/ament_pyflakes:/home/agata/ros2_humble/install/ament_pycodestyle:/home/agata/ros2_humble/install/ament_pep257:/home/agata/ros2_humble/install/ament_pclint:/home/agata/ros2_humble/install/ament_package:/home/agata/ros2_humble/install/ament_mypy:/home/agata/ros2_humble/install/ament_lint_cmake:/home/agata/ros2_humble/install/ament_flake8:/home/agata/ros2_humble/install/ament_copyright:/home/agata/ros2_humble/install/ament_lint:/home/agata/ros2_humble/install/ament_index_python:/home/agata/ros2_humble/install/ament_cpplint:/home/agata/ros2_humble/install/ament_cppcheck:/home/agata/ros2_humble/install/ament_clang_tidy:/home/agata/ros2_humble/install/ament_clang_format /usr/bin/cmake /home/agata/pong_ws/src/key_input -DCMAKE_INSTALL_PREFIX=/home/agata/pong_ws/src/install/key_input
[6.377s] DEBUG:colcon.colcon_core.event_handler.log_command:Invoked command in '/home/agata/pong_ws/src/build/key_input' returned '0': CMAKE_PREFIX_PATH=${CMAKE_PREFIX_PATH}:/home/agata/pong_ws/install/opencv_tests:/home/agata/ros2_humble/install/rqt_bag_plugins:/home/agata/ros2_humble/install/rqt_bag:/home/agata/ros2_humble/install/ros2bag:/home/agata/ros2_humble/install/tracetools_test:/home/agata/ros2_humble/install/tracetools_launch:/home/agata/ros2_humble/install/topic_monitor:/home/agata/ros2_humble/install/tf2_tools:/home/agata/ros2_humble/install/examples_tf2_py:/home/agata/ros2_humble/install/tf2_ros_py:/home/agata/ros2_humble/install/sros2:/home/agata/ros2_humble/install/rqt_topic:/home/agata/ros2_humble/install/rqt_srv:/home/agata/ros2_humble/install/rqt_shell:/home/agata/ros2_humble/install/rqt_service_caller:/home/agata/ros2_humble/install/rqt_reconfigure:/home/agata/ros2_humble/install/rqt_py_console:/home/agata/ros2_humble/install/rqt_publisher:/home/agata/ros2_humble/install/rqt_plot:/home/agata/ros2_humble/install/rqt_action:/home/agata/ros2_humble/install/rqt_msg:/home/agata/ros2_humble/install/rqt_console:/home/agata/ros2_humble/install/rqt:/home/agata/ros2_humble/install/rqt_graph:/home/agata/ros2_humble/install/rqt_gui_py:/home/agata/ros2_humble/install/rqt_gui:/home/agata/ros2_humble/install/ros2trace:/home/agata/ros2_humble/install/ros2topic:/home/agata/ros2_humble/install/ros2test:/home/agata/ros2_humble/install/ros2component:/home/agata/ros2_humble/install/ros2param:/home/agata/ros2_humble/install/ros2lifecycle:/home/agata/ros2_humble/install/ros2service:/home/agata/ros2_humble/install/ros2run:/home/agata/ros2_humble/install/ros2launch:/home/agata/ros2_humble/install/ros2pkg:/home/agata/ros2_humble/install/ros2node:/home/agata/ros2_humble/install/ros2multicast:/home/agata/ros2_humble/install/ros2interface:/home/agata/ros2_humble/install/ros2doctor:/home/agata/ros2_humble/install/ros2action:/home/agata/ros2_humble/install/ros2cli:/home/agata/ros2_humble/install/quality_of_service_demo_py:/home/agata/ros2_humble/install/lifecycle_py:/home/agata/ros2_humble/install/launch_testing_ros:/home/agata/ros2_humble/install/launch_ros:/home/agata/ros2_humble/install/examples_rclpy_pointcloud_publisher:/home/agata/ros2_humble/install/examples_rclpy_minimal_subscriber:/home/agata/ros2_humble/install/examples_rclpy_minimal_service:/home/agata/ros2_humble/install/examples_rclpy_minimal_publisher:/home/agata/ros2_humble/install/examples_rclpy_minimal_client:/home/agata/ros2_humble/install/examples_rclpy_minimal_action_server:/home/agata/ros2_humble/install/examples_rclpy_minimal_action_client:/home/agata/ros2_humble/install/examples_rclpy_guard_conditions:/home/agata/ros2_humble/install/examples_rclpy_executors:/home/agata/ros2_humble/install/demo_nodes_py:/home/agata/ros2_humble/install/action_tutorials_py:/home/agata/ros2_humble/install/ament_uncrustify:/home/agata/ros2_humble/install/tracetools_trace:/home/agata/ros2_humble/install/tracetools_read:/home/agata/ros2_humble/install/test_tracetools_launch:/home/agata/ros2_humble/install/test_launch_ros:/home/agata/ros2_humble/install/sensor_msgs_py:/home/agata/ros2_humble/install/rpyutils:/home/agata/ros2_humble/install/rosidl_runtime_py:/home/agata/ros2_humble/install/rosidl_cli:/home/agata/ros2_humble/install/launch_pytest:/home/agata/ros2_humble/install/launch_testing:/home/agata/ros2_humble/install/launch_yaml:/home/agata/ros2_humble/install/launch_xml:/home/agata/ros2_humble/install/launch:/home/agata/ros2_humble/install/osrf_pycommon:/home/agata/ros2_humble/install/launch_testing_examples:/home/agata/ros2_humble/install/domain_coordinator:/home/agata/ros2_humble/install/ament_xmllint:/home/agata/ros2_humble/install/ament_pyflakes:/home/agata/ros2_humble/install/ament_pycodestyle:/home/agata/ros2_humble/install/ament_pep257:/home/agata/ros2_humble/install/ament_pclint:/home/agata/ros2_humble/install/ament_package:/home/agata/ros2_humble/install/ament_mypy:/home/agata/ros2_humble/install/ament_lint_cmake:/home/agata/ros2_humble/install/ament_flake8:/home/agata/ros2_humble/install/ament_copyright:/home/agata/ros2_humble/install/ament_lint:/home/agata/ros2_humble/install/ament_index_python:/home/agata/ros2_humble/install/ament_cpplint:/home/agata/ros2_humble/install/ament_cppcheck:/home/agata/ros2_humble/install/ament_clang_tidy:/home/agata/ros2_humble/install/ament_clang_format /usr/bin/cmake /home/agata/pong_ws/src/key_input -DCMAKE_INSTALL_PREFIX=/home/agata/pong_ws/src/install/key_input
[6.380s] DEBUG:colcon.colcon_core.event_handler.log_command:Invoking command in '/home/agata/pong_ws/src/build/key_input': CMAKE_PREFIX_PATH=${CMAKE_PREFIX_PATH}:/home/agata/pong_ws/install/opencv_tests:/home/agata/ros2_humble/install/rqt_bag_plugins:/home/agata/ros2_humble/install/rqt_bag:/home/agata/ros2_humble/install/ros2bag:/home/agata/ros2_humble/install/tracetools_test:/home/agata/ros2_humble/install/tracetools_launch:/home/agata/ros2_humble/install/topic_monitor:/home/agata/ros2_humble/install/tf2_tools:/home/agata/ros2_humble/install/examples_tf2_py:/home/agata/ros2_humble/install/tf2_ros_py:/home/agata/ros2_humble/install/sros2:/home/agata/ros2_humble/install/rqt_topic:/home/agata/ros2_humble/install/rqt_srv:/home/agata/ros2_humble/install/rqt_shell:/home/agata/ros2_humble/install/rqt_service_caller:/home/agata/ros2_humble/install/rqt_reconfigure:/home/agata/ros2_humble/install/rqt_py_console:/home/agata/ros2_humble/install/rqt_publisher:/home/agata/ros2_humble/install/rqt_plot:/home/agata/ros2_humble/install/rqt_action:/home/agata/ros2_humble/install/rqt_msg:/home/agata/ros2_humble/install/rqt_console:/home/agata/ros2_humble/install/rqt:/home/agata/ros2_humble/install/rqt_graph:/home/agata/ros2_humble/install/rqt_gui_py:/home/agata/ros2_humble/install/rqt_gui:/home/agata/ros2_humble/install/ros2trace:/home/agata/ros2_humble/install/ros2topic:/home/agata/ros2_humble/install/ros2test:/home/agata/ros2_humble/install/ros2component:/home/agata/ros2_humble/install/ros2param:/home/agata/ros2_humble/install/ros2lifecycle:/home/agata/ros2_humble/install/ros2service:/home/agata/ros2_humble/install/ros2run:/home/agata/ros2_humble/install/ros2launch:/home/agata/ros2_humble/install/ros2pkg:/home/agata/ros2_humble/install/ros2node:/home/agata/ros2_humble/install/ros2multicast:/home/agata/ros2_humble/install/ros2interface:/home/agata/ros2_humble/install/ros2doctor:/home/agata/ros2_humble/install/ros2action:/home/agata/ros2_humble/install/ros2cli:/home/agata/ros2_humble/install/quality_of_service_demo_py:/home/agata/ros2_humble/install/lifecycle_py:/home/agata/ros2_humble/install/launch_testing_ros:/home/agata/ros2_humble/install/launch_ros:/home/agata/ros2_humble/install/examples_rclpy_pointcloud_publisher:/home/agata/ros2_humble/install/examples_rclpy_minimal_subscriber:/home/agata/ros2_humble/install/examples_rclpy_minimal_service:/home/agata/ros2_humble/install/examples_rclpy_minimal_publisher:/home/agata/ros2_humble/install/examples_rclpy_minimal_client:/home/agata/ros2_humble/install/examples_rclpy_minimal_action_server:/home/agata/ros2_humble/install/examples_rclpy_minimal_action_client:/home/agata/ros2_humble/install/examples_rclpy_guard_conditions:/home/agata/ros2_humble/install/examples_rclpy_executors:/home/agata/ros2_humble/install/demo_nodes_py:/home/agata/ros2_humble/install/action_tutorials_py:/home/agata/ros2_humble/install/ament_uncrustify:/home/agata/ros2_humble/install/tracetools_trace:/home/agata/ros2_humble/install/tracetools_read:/home/agata/ros2_humble/install/test_tracetools_launch:/home/agata/ros2_humble/install/test_launch_ros:/home/agata/ros2_humble/install/sensor_msgs_py:/home/agata/ros2_humble/install/rpyutils:/home/agata/ros2_humble/install/rosidl_runtime_py:/home/agata/ros2_humble/install/rosidl_cli:/home/agata/ros2_humble/install/launch_pytest:/home/agata/ros2_humble/install/launch_testing:/home/agata/ros2_humble/install/launch_yaml:/home/agata/ros2_humble/install/launch_xml:/home/agata/ros2_humble/install/launch:/home/agata/ros2_humble/install/osrf_pycommon:/home/agata/ros2_humble/install/launch_testing_examples:/home/agata/ros2_humble/install/domain_coordinator:/home/agata/ros2_humble/install/ament_xmllint:/home/agata/ros2_humble/install/ament_pyflakes:/home/agata/ros2_humble/install/ament_pycodestyle:/home/agata/ros2_humble/install/ament_pep257:/home/agata/ros2_humble/install/ament_pclint:/home/agata/ros2_humble/install/ament_package:/home/agata/ros2_humble/install/ament_mypy:/home/agata/ros2_humble/install/ament_lint_cmake:/home/agata/ros2_humble/install/ament_flake8:/home/agata/ros2_humble/install/ament_copyright:/home/agata/ros2_humble/install/ament_lint:/home/agata/ros2_humble/install/ament_index_python:/home/agata/ros2_humble/install/ament_cpplint:/home/agata/ros2_humble/install/ament_cppcheck:/home/agata/ros2_humble/install/ament_clang_tidy:/home/agata/ros2_humble/install/ament_clang_format /usr/bin/cmake --build /home/agata/pong_ws/src/build/key_input -- -j12 -l12
[11.015s] DEBUG:colcon.colcon_core.event_handler.log_command:Invoked command in '/home/agata/pong_ws/src/build/key_input' returned '0': CMAKE_PREFIX_PATH=${CMAKE_PREFIX_PATH}:/home/agata/pong_ws/install/opencv_tests:/home/agata/ros2_humble/install/rqt_bag_plugins:/home/agata/ros2_humble/install/rqt_bag:/home/agata/ros2_humble/install/ros2bag:/home/agata/ros2_humble/install/tracetools_test:/home/agata/ros2_humble/install/tracetools_launch:/home/agata/ros2_humble/install/topic_monitor:/home/agata/ros2_humble/install/tf2_tools:/home/agata/ros2_humble/install/examples_tf2_py:/home/agata/ros2_humble/install/tf2_ros_py:/home/agata/ros2_humble/install/sros2:/home/agata/ros2_humble/install/rqt_topic:/home/agata/ros2_humble/install/rqt_srv:/home/agata/ros2_humble/install/rqt_shell:/home/agata/ros2_humble/install/rqt_service_caller:/home/agata/ros2_humble/install/rqt_reconfigure:/home/agata/ros2_humble/install/rqt_py_console:/home/agata/ros2_humble/install/rqt_publisher:/home/agata/ros2_humble/install/rqt_plot:/home/agata/ros2_humble/install/rqt_action:/home/agata/ros2_humble/install/rqt_msg:/home/agata/ros2_humble/install/rqt_console:/home/agata/ros2_humble/install/rqt:/home/agata/ros2_humble/install/rqt_graph:/home/agata/ros2_humble/install/rqt_gui_py:/home/agata/ros2_humble/install/rqt_gui:/home/agata/ros2_humble/install/ros2trace:/home/agata/ros2_humble/install/ros2topic:/home/agata/ros2_humble/install/ros2test:/home/agata/ros2_humble/install/ros2component:/home/agata/ros2_humble/install/ros2param:/home/agata/ros2_humble/install/ros2lifecycle:/home/agata/ros2_humble/install/ros2service:/home/agata/ros2_humble/install/ros2run:/home/agata/ros2_humble/install/ros2launch:/home/agata/ros2_humble/install/ros2pkg:/home/agata/ros2_humble/install/ros2node:/home/agata/ros2_humble/install/ros2multicast:/home/agata/ros2_humble/install/ros2interface:/home/agata/ros2_humble/install/ros2doctor:/home/agata/ros2_humble/install/ros2action:/home/agata/ros2_humble/install/ros2cli:/home/agata/ros2_humble/install/quality_of_service_demo_py:/home/agata/ros2_humble/install/lifecycle_py:/home/agata/ros2_humble/install/launch_testing_ros:/home/agata/ros2_humble/install/launch_ros:/home/agata/ros2_humble/install/examples_rclpy_pointcloud_publisher:/home/agata/ros2_humble/install/examples_rclpy_minimal_subscriber:/home/agata/ros2_humble/install/examples_rclpy_minimal_service:/home/agata/ros2_humble/install/examples_rclpy_minimal_publisher:/home/agata/ros2_humble/install/examples_rclpy_minimal_client:/home/agata/ros2_humble/install/examples_rclpy_minimal_action_server:/home/agata/ros2_humble/install/examples_rclpy_minimal_action_client:/home/agata/ros2_humble/install/examples_rclpy_guard_conditions:/home/agata/ros2_humble/install/examples_rclpy_executors:/home/agata/ros2_humble/install/demo_nodes_py:/home/agata/ros2_humble/install/action_tutorials_py:/home/agata/ros2_humble/install/ament_uncrustify:/home/agata/ros2_humble/install/tracetools_trace:/home/agata/ros2_humble/install/tracetools_read:/home/agata/ros2_humble/install/test_tracetools_launch:/home/agata/ros2_humble/install/test_launch_ros:/home/agata/ros2_humble/install/sensor_msgs_py:/home/agata/ros2_humble/install/rpyutils:/home/agata/ros2_humble/install/rosidl_runtime_py:/home/agata/ros2_humble/install/rosidl_cli:/home/agata/ros2_humble/install/launch_pytest:/home/agata/ros2_humble/install/launch_testing:/home/agata/ros2_humble/install/launch_yaml:/home/agata/ros2_humble/install/launch_xml:/home/agata/ros2_humble/install/launch:/home/agata/ros2_humble/install/osrf_pycommon:/home/agata/ros2_humble/install/launch_testing_examples:/home/agata/ros2_humble/install/domain_coordinator:/home/agata/ros2_humble/install/ament_xmllint:/home/agata/ros2_humble/install/ament_pyflakes:/home/agata/ros2_humble/install/ament_pycodestyle:/home/agata/ros2_humble/install/ament_pep257:/home/agata/ros2_humble/install/ament_pclint:/home/agata/ros2_humble/install/ament_package:/home/agata/ros2_humble/install/ament_mypy:/home/agata/ros2_humble/install/ament_lint_cmake:/home/agata/ros2_humble/install/ament_flake8:/home/agata/ros2_humble/install/ament_copyright:/home/agata/ros2_humble/install/ament_lint:/home/agata/ros2_humble/install/ament_index_python:/home/agata/ros2_humble/install/ament_cpplint:/home/agata/ros2_humble/install/ament_cppcheck:/home/agata/ros2_humble/install/ament_clang_tidy:/home/agata/ros2_humble/install/ament_clang_format /usr/bin/cmake --build /home/agata/pong_ws/src/build/key_input -- -j12 -l12
[11.084s] DEBUG:colcon.colcon_core.event_handler.log_command:Invoking command in '/home/agata/pong_ws/src/build/key_input': CMAKE_PREFIX_PATH=${CMAKE_PREFIX_PATH}:/home/agata/pong_ws/install/opencv_tests:/home/agata/ros2_humble/install/rqt_bag_plugins:/home/agata/ros2_humble/install/rqt_bag:/home/agata/ros2_humble/install/ros2bag:/home/agata/ros2_humble/install/tracetools_test:/home/agata/ros2_humble/install/tracetools_launch:/home/agata/ros2_humble/install/topic_monitor:/home/agata/ros2_humble/install/tf2_tools:/home/agata/ros2_humble/install/examples_tf2_py:/home/agata/ros2_humble/install/tf2_ros_py:/home/agata/ros2_humble/install/sros2:/home/agata/ros2_humble/install/rqt_topic:/home/agata/ros2_humble/install/rqt_srv:/home/agata/ros2_humble/install/rqt_shell:/home/agata/ros2_humble/install/rqt_service_caller:/home/agata/ros2_humble/install/rqt_reconfigure:/home/agata/ros2_humble/install/rqt_py_console:/home/agata/ros2_humble/install/rqt_publisher:/home/agata/ros2_humble/install/rqt_plot:/home/agata/ros2_humble/install/rqt_action:/home/agata/ros2_humble/install/rqt_msg:/home/agata/ros2_humble/install/rqt_console:/home/agata/ros2_humble/install/rqt:/home/agata/ros2_humble/install/rqt_graph:/home/agata/ros2_humble/install/rqt_gui_py:/home/agata/ros2_humble/install/rqt_gui:/home/agata/ros2_humble/install/ros2trace:/home/agata/ros2_humble/install/ros2topic:/home/agata/ros2_humble/install/ros2test:/home/agata/ros2_humble/install/ros2component:/home/agata/ros2_humble/install/ros2param:/home/agata/ros2_humble/install/ros2lifecycle:/home/agata/ros2_humble/install/ros2service:/home/agata/ros2_humble/install/ros2run:/home/agata/ros2_humble/install/ros2launch:/home/agata/ros2_humble/install/ros2pkg:/home/agata/ros2_humble/install/ros2node:/home/agata/ros2_humble/install/ros2multicast:/home/agata/ros2_humble/install/ros2interface:/home/agata/ros2_humble/install/ros2doctor:/home/agata/ros2_humble/install/ros2action:/home/agata/ros2_humble/install/ros2cli:/home/agata/ros2_humble/install/quality_of_service_demo_py:/home/agata/ros2_humble/install/lifecycle_py:/home/agata/ros2_humble/install/launch_testing_ros:/home/agata/ros2_humble/install/launch_ros:/home/agata/ros2_humble/install/examples_rclpy_pointcloud_publisher:/home/agata/ros2_humble/install/examples_rclpy_minimal_subscriber:/home/agata/ros2_humble/install/examples_rclpy_minimal_service:/home/agata/ros2_humble/install/examples_rclpy_minimal_publisher:/home/agata/ros2_humble/install/examples_rclpy_minimal_client:/home/agata/ros2_humble/install/examples_rclpy_minimal_action_server:/home/agata/ros2_humble/install/examples_rclpy_minimal_action_client:/home/agata/ros2_humble/install/examples_rclpy_guard_conditions:/home/agata/ros2_humble/install/examples_rclpy_executors:/home/agata/ros2_humble/install/demo_nodes_py:/home/agata/ros2_humble/install/action_tutorials_py:/home/agata/ros2_humble/install/ament_uncrustify:/home/agata/ros2_humble/install/tracetools_trace:/home/agata/ros2_humble/install/tracetools_read:/home/agata/ros2_humble/install/test_tracetools_launch:/home/agata/ros2_humble/install/test_launch_ros:/home/agata/ros2_humble/install/sensor_msgs_py:/home/agata/ros2_humble/install/rpyutils:/home/agata/ros2_humble/install/rosidl_runtime_py:/home/agata/ros2_humble/install/rosidl_cli:/home/agata/ros2_humble/install/launch_pytest:/home/agata/ros2_humble/install/launch_testing:/home/agata/ros2_humble/install/launch_yaml:/home/agata/ros2_humble/install/launch_xml:/home/agata/ros2_humble/install/launch:/home/agata/ros2_humble/install/osrf_pycommon:/home/agata/ros2_humble/install/launch_testing_examples:/home/agata/ros2_humble/install/domain_coordinator:/home/agata/ros2_humble/install/ament_xmllint:/home/agata/ros2_humble/install/ament_pyflakes:/home/agata/ros2_humble/install/ament_pycodestyle:/home/agata/ros2_humble/install/ament_pep257:/home/agata/ros2_humble/install/ament_pclint:/home/agata/ros2_humble/install/ament_package:/home/agata/ros2_humble/install/ament_mypy:/home/agata/ros2_humble/install/ament_lint_cmake:/home/agata/ros2_humble/install/ament_flake8:/home/agata/ros2_humble/install/ament_copyright:/home/agata/ros2_humble/install/ament_lint:/home/agata/ros2_humble/install/ament_index_python:/home/agata/ros2_humble/install/ament_cpplint:/home/agata/ros2_humble/install/ament_cppcheck:/home/agata/ros2_humble/install/ament_clang_tidy:/home/agata/ros2_humble/install/ament_clang_format /usr/bin/cmake --install /home/agata/pong_ws/src/build/key_input
[11.102s] Level 1:colcon.colcon_core.environment:create_environment_scripts_only(key_input)
[11.102s] DEBUG:colcon.colcon_core.event_handler.log_command:Invoked command in '/home/agata/pong_ws/src/build/key_input' returned '0': CMAKE_PREFIX_PATH=${CMAKE_PREFIX_PATH}:/home/agata/pong_ws/install/opencv_tests:/home/agata/ros2_humble/install/rqt_bag_plugins:/home/agata/ros2_humble/install/rqt_bag:/home/agata/ros2_humble/install/ros2bag:/home/agata/ros2_humble/install/tracetools_test:/home/agata/ros2_humble/install/tracetools_launch:/home/agata/ros2_humble/install/topic_monitor:/home/agata/ros2_humble/install/tf2_tools:/home/agata/ros2_humble/install/examples_tf2_py:/home/agata/ros2_humble/install/tf2_ros_py:/home/agata/ros2_humble/install/sros2:/home/agata/ros2_humble/install/rqt_topic:/home/agata/ros2_humble/install/rqt_srv:/home/agata/ros2_humble/install/rqt_shell:/home/agata/ros2_humble/install/rqt_service_caller:/home/agata/ros2_humble/install/rqt_reconfigure:/home/agata/ros2_humble/install/rqt_py_console:/home/agata/ros2_humble/install/rqt_publisher:/home/agata/ros2_humble/install/rqt_plot:/home/agata/ros2_humble/install/rqt_action:/home/agata/ros2_humble/install/rqt_msg:/home/agata/ros2_humble/install/rqt_console:/home/agata/ros2_humble/install/rqt:/home/agata/ros2_humble/install/rqt_graph:/home/agata/ros2_humble/install/rqt_gui_py:/home/agata/ros2_humble/install/rqt_gui:/home/agata/ros2_humble/install/ros2trace:/home/agata/ros2_humble/install/ros2topic:/home/agata/ros2_humble/install/ros2test:/home/agata/ros2_humble/install/ros2component:/home/agata/ros2_humble/install/ros2param:/home/agata/ros2_humble/install/ros2lifecycle:/home/agata/ros2_humble/install/ros2service:/home/agata/ros2_humble/install/ros2run:/home/agata/ros2_humble/install/ros2launch:/home/agata/ros2_humble/install/ros2pkg:/home/agata/ros2_humble/install/ros2node:/home/agata/ros2_humble/install/ros2multicast:/home/agata/ros2_humble/install/ros2interface:/home/agata/ros2_humble/install/ros2doctor:/home/agata/ros2_humble/install/ros2action:/home/agata/ros2_humble/install/ros2cli:/home/agata/ros2_humble/install/quality_of_service_demo_py:/home/agata/ros2_humble/install/lifecycle_py:/home/agata/ros2_humble/install/launch_testing_ros:/home/agata/ros2_humble/install/launch_ros:/home/agata/ros2_humble/install/examples_rclpy_pointcloud_publisher:/home/agata/ros2_humble/install/examples_rclpy_minimal_subscriber:/home/agata/ros2_humble/install/examples_rclpy_minimal_service:/home/agata/ros2_humble/install/examples_rclpy_minimal_publisher:/home/agata/ros2_humble/install/examples_rclpy_minimal_client:/home/agata/ros2_humble/install/examples_rclpy_minimal_action_server:/home/agata/ros2_humble/install/examples_rclpy_minimal_action_client:/home/agata/ros2_humble/install/examples_rclpy_guard_conditions:/home/agata/ros2_humble/install/examples_rclpy_executors:/home/agata/ros2_humble/install/demo_nodes_py:/home/agata/ros2_humble/install/action_tutorials_py:/home/agata/ros2_humble/install/ament_uncrustify:/home/agata/ros2_humble/install/tracetools_trace:/home/agata/ros2_humble/install/tracetools_read:/home/agata/ros2_humble/install/test_tracetools_launch:/home/agata/ros2_humble/install/test_launch_ros:/home/agata/ros2_humble/install/sensor_msgs_py:/home/agata/ros2_humble/install/rpyutils:/home/agata/ros2_humble/install/rosidl_runtime_py:/home/agata/ros2_humble/install/rosidl_cli:/home/agata/ros2_humble/install/launch_pytest:/home/agata/ros2_humble/install/launch_testing:/home/agata/ros2_humble/install/launch_yaml:/home/agata/ros2_humble/install/launch_xml:/home/agata/ros2_humble/install/launch:/home/agata/ros2_humble/install/osrf_pycommon:/home/agata/ros2_humble/install/launch_testing_examples:/home/agata/ros2_humble/install/domain_coordinator:/home/agata/ros2_humble/install/ament_xmllint:/home/agata/ros2_humble/install/ament_pyflakes:/home/agata/ros2_humble/install/ament_pycodestyle:/home/agata/ros2_humble/install/ament_pep257:/home/agata/ros2_humble/install/ament_pclint:/home/agata/ros2_humble/install/ament_package:/home/agata/ros2_humble/install/ament_mypy:/home/agata/ros2_humble/install/ament_lint_cmake:/home/agata/ros2_humble/install/ament_flake8:/home/agata/ros2_humble/install/ament_copyright:/home/agata/ros2_humble/install/ament_lint:/home/agata/ros2_humble/install/ament_index_python:/home/agata/ros2_humble/install/ament_cpplint:/home/agata/ros2_humble/install/ament_cppcheck:/home/agata/ros2_humble/install/ament_clang_tidy:/home/agata/ros2_humble/install/ament_clang_format /usr/bin/cmake --install /home/agata/pong_ws/src/build/key_input
[11.115s] Level 1:colcon.colcon_core.environment:checking '/home/agata/pong_ws/src/install/key_input' for CMake module files
[11.116s] Level 1:colcon.colcon_core.environment:checking '/home/agata/pong_ws/src/install/key_input' for CMake config files
[11.116s] Level 1:colcon.colcon_core.shell:create_environment_hook('key_input', 'cmake_prefix_path')
[11.121s] INFO:colcon.colcon_core.shell:Creating environment hook '/home/agata/pong_ws/src/install/key_input/share/key_input/hook/cmake_prefix_path.ps1'
[11.121s] INFO:colcon.colcon_core.shell:Creating environment descriptor '/home/agata/pong_ws/src/install/key_input/share/key_input/hook/cmake_prefix_path.dsv'
[11.122s] INFO:colcon.colcon_core.shell:Creating environment hook '/home/agata/pong_ws/src/install/key_input/share/key_input/hook/cmake_prefix_path.sh'
[11.123s] Level 1:colcon.colcon_core.environment:checking '/home/agata/pong_ws/src/install/key_input/lib'
[11.123s] Level 1:colcon.colcon_core.environment:checking '/home/agata/pong_ws/src/install/key_input/bin'
[11.123s] Level 1:colcon.colcon_core.environment:checking '/home/agata/pong_ws/src/install/key_input/lib/pkgconfig/key_input.pc'
[11.125s] Level 1:colcon.colcon_core.environment:checking '/home/agata/pong_ws/src/install/key_input/lib/python3.8/site-packages'
[11.125s] Level 1:colcon.colcon_core.environment:checking '/home/agata/pong_ws/src/install/key_input/bin'
[11.130s] INFO:colcon.colcon_core.shell:Creating package script '/home/agata/pong_ws/src/install/key_input/share/key_input/package.ps1'
[11.131s] INFO:colcon.colcon_core.shell:Creating package descriptor '/home/agata/pong_ws/src/install/key_input/share/key_input/package.dsv'
[11.131s] INFO:colcon.colcon_core.shell:Creating package script '/home/agata/pong_ws/src/install/key_input/share/key_input/package.sh'
[11.132s] INFO:colcon.colcon_core.shell:Creating package script '/home/agata/pong_ws/src/install/key_input/share/key_input/package.bash'
[11.133s] INFO:colcon.colcon_core.shell:Creating package script '/home/agata/pong_ws/src/install/key_input/share/key_input/package.zsh'
[11.133s] Level 1:colcon.colcon_core.environment:create_file_with_runtime_dependencies(/home/agata/pong_ws/src/install/key_input/share/colcon-core/packages/key_input)
[11.190s] Level 1:colcon.colcon_core.environment:create_environment_scripts_only(key_input)
[11.197s] Level 1:colcon.colcon_core.environment:checking '/home/agata/pong_ws/src/install/key_input' for CMake module files
[11.197s] Level 1:colcon.colcon_core.environment:checking '/home/agata/pong_ws/src/install/key_input' for CMake config files
[11.197s] Level 1:colcon.colcon_core.shell:create_environment_hook('key_input', 'cmake_prefix_path')
[11.202s] INFO:colcon.colcon_core.shell:Creating environment hook '/home/agata/pong_ws/src/install/key_input/share/key_input/hook/cmake_prefix_path.ps1'
[11.202s] INFO:colcon.colcon_core.shell:Creating environment descriptor '/home/agata/pong_ws/src/install/key_input/share/key_input/hook/cmake_prefix_path.dsv'
[11.203s] INFO:colcon.colcon_core.shell:Creating environment hook '/home/agata/pong_ws/src/install/key_input/share/key_input/hook/cmake_prefix_path.sh'
[11.203s] Level 1:colcon.colcon_core.environment:checking '/home/agata/pong_ws/src/install/key_input/lib'
[11.203s] Level 1:colcon.colcon_core.environment:checking '/home/agata/pong_ws/src/install/key_input/bin'
[11.203s] Level 1:colcon.colcon_core.environment:checking '/home/agata/pong_ws/src/install/key_input/lib/pkgconfig/key_input.pc'
[11.204s] Level 1:colcon.colcon_core.environment:checking '/home/agata/pong_ws/src/install/key_input/lib/python3.8/site-packages'
[11.204s] Level 1:colcon.colcon_core.environment:checking '/home/agata/pong_ws/src/install/key_input/bin'
[11.208s] INFO:colcon.colcon_core.shell:Creating package script '/home/agata/pong_ws/src/install/key_input/share/key_input/package.ps1'
[11.209s] INFO:colcon.colcon_core.shell:Creating package descriptor '/home/agata/pong_ws/src/install/key_input/share/key_input/package.dsv'
[11.209s] INFO:colcon.colcon_core.shell:Creating package script '/home/agata/pong_ws/src/install/key_input/share/key_input/package.sh'
[11.210s] INFO:colcon.colcon_core.shell:Creating package script '/home/agata/pong_ws/src/install/key_input/share/key_input/package.bash'
[11.210s] INFO:colcon.colcon_core.shell:Creating package script '/home/agata/pong_ws/src/install/key_input/share/key_input/package.zsh'
[11.210s] Level 1:colcon.colcon_core.environment:create_file_with_runtime_dependencies(/home/agata/pong_ws/src/install/key_input/share/colcon-core/packages/key_input)
[11.211s] DEBUG:colcon.colcon_parallel_executor.executor.parallel:closing loop
[11.211s] DEBUG:colcon.colcon_parallel_executor.executor.parallel:loop closed
[11.211s] DEBUG:colcon.colcon_parallel_executor.executor.parallel:run_until_complete finished with '0'
[11.211s] DEBUG:colcon.colcon_core.event_reactor:joining thread
[11.222s] INFO:colcon.colcon_core.plugin_system:Skipping extension 'colcon_notification.desktop_notification.terminal_notifier': Not used on non-Darwin systems
[11.222s] INFO:colcon.colcon_core.plugin_system:Skipping extension 'colcon_notification.desktop_notification.win32': Not used on non-Windows systems
[11.222s] INFO:colcon.colcon_notification.desktop_notification:Sending desktop notification using 'notify2'
[11.236s] DEBUG:colcon.colcon_core.event_reactor:joined thread
[11.241s] INFO:colcon.colcon_core.shell:Creating prefix script '/home/agata/pong_ws/src/install/local_setup.ps1'
[11.242s] INFO:colcon.colcon_core.shell:Creating prefix util module '/home/agata/pong_ws/src/install/_local_setup_util_ps1.py'
[11.243s] INFO:colcon.colcon_core.shell:Creating prefix chain script '/home/agata/pong_ws/src/install/setup.ps1'
[11.261s] INFO:colcon.colcon_core.shell:Creating prefix script '/home/agata/pong_ws/src/install/local_setup.sh'
[11.261s] INFO:colcon.colcon_core.shell:Creating prefix util module '/home/agata/pong_ws/src/install/_local_setup_util_sh.py'
[11.261s] INFO:colcon.colcon_core.shell:Creating prefix chain script '/home/agata/pong_ws/src/install/setup.sh'
[11.274s] INFO:colcon.colcon_core.shell:Creating prefix script '/home/agata/pong_ws/src/install/local_setup.bash'
[11.274s] INFO:colcon.colcon_core.shell:Creating prefix chain script '/home/agata/pong_ws/src/install/setup.bash'
[11.286s] INFO:colcon.colcon_core.shell:Creating prefix script '/home/agata/pong_ws/src/install/local_setup.zsh'
[11.287s] INFO:colcon.colcon_core.shell:Creating prefix chain script '/home/agata/pong_ws/src/install/setup.zsh'
