[0.499s] DEBUG:colcon:Command line arguments: ['/usr/bin/colcon', 'build', '--packages-select', 'custom_messages']
[0.499s] DEBUG:colcon:Parsed command line arguments: Namespace(allow_overriding=[], ament_cmake_args=None, base_paths=['.'], build_base='build', catkin_cmake_args=None, catkin_skip_building_tests=False, cmake_args=None, cmake_clean_cache=False, cmake_clean_first=False, cmake_force_configure=False, cmake_target=None, cmake_target_skip_unavailable=False, continue_on_error=False, event_handlers=None, executor='parallel', ignore_user_meta=False, install_base='install', log_base=None, log_level=None, main=<bound method BuildVerb.main of <colcon_core.verb.build.BuildVerb object at 0x7fbd4c140250>>, merge_install=False, metas=['./colcon.meta'], packages_above=None, packages_above_and_dependencies=None, packages_above_depth=None, packages_end=None, packages_ignore=None, packages_ignore_regex=None, packages_select=['custom_messages'], packages_select_build_failed=False, packages_select_by_dep=None, packages_select_regex=None, packages_select_test_failures=False, packages_skip=None, packages_skip_build_finished=False, packages_skip_by_dep=None, packages_skip_regex=None, packages_skip_test_passed=False, packages_skip_up_to=None, packages_start=None, packages_up_to=None, packages_up_to_regex=None, parallel_workers=12, paths=None, symlink_install=False, test_result_base=None, verb_extension=<colcon_core.verb.build.BuildVerb object at 0x7fbd4c140250>, verb_name='build', verb_parser=<colcon_defaults.argument_parser.defaults.DefaultArgumentsDecorator object at 0x7fbd4c140790>)
[0.551s] Level 1:colcon.colcon_core.package_discovery:discover_packages(colcon_meta) check parameters
[0.551s] Level 1:colcon.colcon_core.package_discovery:discover_packages(recursive) check parameters
[0.551s] Level 1:colcon.colcon_core.package_discovery:discover_packages(ignore) check parameters
[0.551s] Level 1:colcon.colcon_core.package_discovery:discover_packages(path) check parameters
[0.551s] Level 1:colcon.colcon_core.package_discovery:discover_packages(colcon_meta) discover
[0.551s] Level 1:colcon.colcon_core.package_discovery:discover_packages(recursive) discover
[0.551s] INFO:colcon.colcon_core.package_discovery:Crawling recursively for packages in '/home/agata/pong_ws/src'
[0.551s] Level 1:colcon.colcon_core.package_identification:_identify(.) by extensions ['ignore', 'ignore_ament_install']
[0.551s] Level 1:colcon.colcon_core.package_identification:_identify(.) by extension 'ignore'
[0.551s] Level 1:colcon.colcon_core.package_identification:_identify(.) by extension 'ignore_ament_install'
[0.552s] Level 1:colcon.colcon_core.package_identification:_identify(.) by extensions ['colcon_pkg']
[0.552s] Level 1:colcon.colcon_core.package_identification:_identify(.) by extension 'colcon_pkg'
[0.552s] Level 1:colcon.colcon_core.package_identification:_identify(.) by extensions ['colcon_meta']
[0.552s] Level 1:colcon.colcon_core.package_identification:_identify(.) by extension 'colcon_meta'
[0.552s] Level 1:colcon.colcon_core.package_identification:_identify(.) by extensions ['ros']
[0.552s] Level 1:colcon.colcon_core.package_identification:_identify(.) by extension 'ros'
[0.563s] Level 1:colcon.colcon_core.package_identification:_identify(.) by extensions ['cmake', 'python']
[0.563s] Level 1:colcon.colcon_core.package_identification:_identify(.) by extension 'cmake'
[0.563s] Level 1:colcon.colcon_core.package_identification:_identify(.) by extension 'python'
[0.563s] Level 1:colcon.colcon_core.package_identification:_identify(.) by extensions ['python_setup_py']
[0.563s] Level 1:colcon.colcon_core.package_identification:_identify(.) by extension 'python_setup_py'
[0.563s] Level 1:colcon.colcon_core.package_identification:_identify(build) by extensions ['ignore', 'ignore_ament_install']
[0.563s] Level 1:colcon.colcon_core.package_identification:_identify(build) by extension 'ignore'
[0.563s] Level 1:colcon.colcon_core.package_identification:_identify(build) ignored
[0.564s] Level 1:colcon.colcon_core.package_identification:_identify(cam_input) by extensions ['ignore', 'ignore_ament_install']
[0.564s] Level 1:colcon.colcon_core.package_identification:_identify(cam_input) by extension 'ignore'
[0.564s] Level 1:colcon.colcon_core.package_identification:_identify(cam_input) by extension 'ignore_ament_install'
[0.564s] Level 1:colcon.colcon_core.package_identification:_identify(cam_input) by extensions ['colcon_pkg']
[0.564s] Level 1:colcon.colcon_core.package_identification:_identify(cam_input) by extension 'colcon_pkg'
[0.564s] Level 1:colcon.colcon_core.package_identification:_identify(cam_input) by extensions ['colcon_meta']
[0.564s] Level 1:colcon.colcon_core.package_identification:_identify(cam_input) by extension 'colcon_meta'
[0.564s] Level 1:colcon.colcon_core.package_identification:_identify(cam_input) by extensions ['ros']
[0.564s] Level 1:colcon.colcon_core.package_identification:_identify(cam_input) by extension 'ros'
[0.566s] DEBUG:colcon.colcon_core.package_identification:Package 'cam_input' with type 'ros.ament_cmake' and name 'cam_input'
[0.567s] Level 1:colcon.colcon_core.package_identification:_identify(cpp_pubsub) by extensions ['ignore', 'ignore_ament_install']
[0.567s] Level 1:colcon.colcon_core.package_identification:_identify(cpp_pubsub) by extension 'ignore'
[0.567s] Level 1:colcon.colcon_core.package_identification:_identify(cpp_pubsub) by extension 'ignore_ament_install'
[0.567s] Level 1:colcon.colcon_core.package_identification:_identify(cpp_pubsub) by extensions ['colcon_pkg']
[0.567s] Level 1:colcon.colcon_core.package_identification:_identify(cpp_pubsub) by extension 'colcon_pkg'
[0.567s] Level 1:colcon.colcon_core.package_identification:_identify(cpp_pubsub) by extensions ['colcon_meta']
[0.567s] Level 1:colcon.colcon_core.package_identification:_identify(cpp_pubsub) by extension 'colcon_meta'
[0.567s] Level 1:colcon.colcon_core.package_identification:_identify(cpp_pubsub) by extensions ['ros']
[0.567s] Level 1:colcon.colcon_core.package_identification:_identify(cpp_pubsub) by extension 'ros'
[0.567s] DEBUG:colcon.colcon_core.package_identification:Package 'cpp_pubsub' with type 'ros.ament_cmake' and name 'cpp_pubsub'
[0.568s] Level 1:colcon.colcon_core.package_identification:_identify(custom_messages) by extensions ['ignore', 'ignore_ament_install']
[0.568s] Level 1:colcon.colcon_core.package_identification:_identify(custom_messages) by extension 'ignore'
[0.568s] Level 1:colcon.colcon_core.package_identification:_identify(custom_messages) by extension 'ignore_ament_install'
[0.568s] Level 1:colcon.colcon_core.package_identification:_identify(custom_messages) by extensions ['colcon_pkg']
[0.568s] Level 1:colcon.colcon_core.package_identification:_identify(custom_messages) by extension 'colcon_pkg'
[0.568s] Level 1:colcon.colcon_core.package_identification:_identify(custom_messages) by extensions ['colcon_meta']
[0.568s] Level 1:colcon.colcon_core.package_identification:_identify(custom_messages) by extension 'colcon_meta'
[0.568s] Level 1:colcon.colcon_core.package_identification:_identify(custom_messages) by extensions ['ros']
[0.568s] Level 1:colcon.colcon_core.package_identification:_identify(custom_messages) by extension 'ros'
[0.568s] DEBUG:colcon.colcon_core.package_identification:Package 'custom_messages' with type 'ros.ament_cmake' and name 'custom_messages'
[0.568s] Level 1:colcon.colcon_core.package_identification:_identify(install) by extensions ['ignore', 'ignore_ament_install']
[0.569s] Level 1:colcon.colcon_core.package_identification:_identify(install) by extension 'ignore'
[0.569s] Level 1:colcon.colcon_core.package_identification:_identify(install) ignored
[0.569s] Level 1:colcon.colcon_core.package_identification:_identify(log) by extensions ['ignore', 'ignore_ament_install']
[0.569s] Level 1:colcon.colcon_core.package_identification:_identify(log) by extension 'ignore'
[0.569s] Level 1:colcon.colcon_core.package_identification:_identify(log) ignored
[0.569s] Level 1:colcon.colcon_core.package_identification:_identify(pong_core) by extensions ['ignore', 'ignore_ament_install']
[0.569s] Level 1:colcon.colcon_core.package_identification:_identify(pong_core) by extension 'ignore'
[0.569s] Level 1:colcon.colcon_core.package_identification:_identify(pong_core) by extension 'ignore_ament_install'
[0.569s] Level 1:colcon.colcon_core.package_identification:_identify(pong_core) by extensions ['colcon_pkg']
[0.569s] Level 1:colcon.colcon_core.package_identification:_identify(pong_core) by extension 'colcon_pkg'
[0.569s] Level 1:colcon.colcon_core.package_identification:_identify(pong_core) by extensions ['colcon_meta']
[0.569s] Level 1:colcon.colcon_core.package_identification:_identify(pong_core) by extension 'colcon_meta'
[0.569s] Level 1:colcon.colcon_core.package_identification:_identify(pong_core) by extensions ['ros']
[0.569s] Level 1:colcon.colcon_core.package_identification:_identify(pong_core) by extension 'ros'
[0.570s] DEBUG:colcon.colcon_core.package_identification:Package 'pong_core' with type 'ros.ament_cmake' and name 'pong_core'
[0.570s] Level 1:colcon.colcon_core.package_identification:_identify(vision_opencv) by extensions ['ignore', 'ignore_ament_install']
[0.570s] Level 1:colcon.colcon_core.package_identification:_identify(vision_opencv) by extension 'ignore'
[0.570s] Level 1:colcon.colcon_core.package_identification:_identify(vision_opencv) by extension 'ignore_ament_install'
[0.570s] Level 1:colcon.colcon_core.package_identification:_identify(vision_opencv) by extensions ['colcon_pkg']
[0.570s] Level 1:colcon.colcon_core.package_identification:_identify(vision_opencv) by extension 'colcon_pkg'
[0.570s] Level 1:colcon.colcon_core.package_identification:_identify(vision_opencv) by extensions ['colcon_meta']
[0.570s] Level 1:colcon.colcon_core.package_identification:_identify(vision_opencv) by extension 'colcon_meta'
[0.570s] Level 1:colcon.colcon_core.package_identification:_identify(vision_opencv) by extensions ['ros']
[0.570s] Level 1:colcon.colcon_core.package_identification:_identify(vision_opencv) by extension 'ros'
[0.570s] Level 1:colcon.colcon_core.package_identification:_identify(vision_opencv) by extensions ['cmake', 'python']
[0.570s] Level 1:colcon.colcon_core.package_identification:_identify(vision_opencv) by extension 'cmake'
[0.570s] Level 1:colcon.colcon_core.package_identification:_identify(vision_opencv) by extension 'python'
[0.570s] Level 1:colcon.colcon_core.package_identification:_identify(vision_opencv) by extensions ['python_setup_py']
[0.570s] Level 1:colcon.colcon_core.package_identification:_identify(vision_opencv) by extension 'python_setup_py'
[0.570s] Level 1:colcon.colcon_core.package_identification:_identify(vision_opencv/cv_bridge) by extensions ['ignore', 'ignore_ament_install']
[0.571s] Level 1:colcon.colcon_core.package_identification:_identify(vision_opencv/cv_bridge) by extension 'ignore'
[0.571s] Level 1:colcon.colcon_core.package_identification:_identify(vision_opencv/cv_bridge) by extension 'ignore_ament_install'
[0.571s] Level 1:colcon.colcon_core.package_identification:_identify(vision_opencv/cv_bridge) by extensions ['colcon_pkg']
[0.571s] Level 1:colcon.colcon_core.package_identification:_identify(vision_opencv/cv_bridge) by extension 'colcon_pkg'
[0.571s] Level 1:colcon.colcon_core.package_identification:_identify(vision_opencv/cv_bridge) by extensions ['colcon_meta']
[0.571s] Level 1:colcon.colcon_core.package_identification:_identify(vision_opencv/cv_bridge) by extension 'colcon_meta'
[0.571s] Level 1:colcon.colcon_core.package_identification:_identify(vision_opencv/cv_bridge) by extensions ['ros']
[0.571s] Level 1:colcon.colcon_core.package_identification:_identify(vision_opencv/cv_bridge) by extension 'ros'
[0.572s] DEBUG:colcon.colcon_core.package_identification:Package 'vision_opencv/cv_bridge' with type 'ros.ament_cmake' and name 'cv_bridge'
[0.572s] Level 1:colcon.colcon_core.package_identification:_identify(vision_opencv/image_geometry) by extensions ['ignore', 'ignore_ament_install']
[0.572s] Level 1:colcon.colcon_core.package_identification:_identify(vision_opencv/image_geometry) by extension 'ignore'
[0.572s] Level 1:colcon.colcon_core.package_identification:_identify(vision_opencv/image_geometry) by extension 'ignore_ament_install'
[0.572s] Level 1:colcon.colcon_core.package_identification:_identify(vision_opencv/image_geometry) by extensions ['colcon_pkg']
[0.572s] Level 1:colcon.colcon_core.package_identification:_identify(vision_opencv/image_geometry) by extension 'colcon_pkg'
[0.572s] Level 1:colcon.colcon_core.package_identification:_identify(vision_opencv/image_geometry) by extensions ['colcon_meta']
[0.572s] Level 1:colcon.colcon_core.package_identification:_identify(vision_opencv/image_geometry) by extension 'colcon_meta'
[0.572s] Level 1:colcon.colcon_core.package_identification:_identify(vision_opencv/image_geometry) by extensions ['ros']
[0.572s] Level 1:colcon.colcon_core.package_identification:_identify(vision_opencv/image_geometry) by extension 'ros'
[0.573s] DEBUG:colcon.colcon_core.package_identification:Package 'vision_opencv/image_geometry' with type 'ros.ament_cmake' and name 'image_geometry'
[0.573s] Level 1:colcon.colcon_core.package_identification:_identify(vision_opencv/opencv_tests) by extensions ['ignore', 'ignore_ament_install']
[0.573s] Level 1:colcon.colcon_core.package_identification:_identify(vision_opencv/opencv_tests) by extension 'ignore'
[0.573s] Level 1:colcon.colcon_core.package_identification:_identify(vision_opencv/opencv_tests) by extension 'ignore_ament_install'
[0.573s] Level 1:colcon.colcon_core.package_identification:_identify(vision_opencv/opencv_tests) by extensions ['colcon_pkg']
[0.573s] Level 1:colcon.colcon_core.package_identification:_identify(vision_opencv/opencv_tests) by extension 'colcon_pkg'
[0.573s] Level 1:colcon.colcon_core.package_identification:_identify(vision_opencv/opencv_tests) by extensions ['colcon_meta']
[0.573s] Level 1:colcon.colcon_core.package_identification:_identify(vision_opencv/opencv_tests) by extension 'colcon_meta'
[0.573s] Level 1:colcon.colcon_core.package_identification:_identify(vision_opencv/opencv_tests) by extensions ['ros']
[0.574s] Level 1:colcon.colcon_core.package_identification:_identify(vision_opencv/opencv_tests) by extension 'ros'
[0.574s] DEBUG:colcon.colcon_core.package_identification:Package 'vision_opencv/opencv_tests' with type 'ros.ament_python' and name 'opencv_tests'
[0.574s] Level 1:colcon.colcon_core.package_identification:_identify(vision_opencv/vision_opencv) by extensions ['ignore', 'ignore_ament_install']
[0.574s] Level 1:colcon.colcon_core.package_identification:_identify(vision_opencv/vision_opencv) by extension 'ignore'
[0.574s] Level 1:colcon.colcon_core.package_identification:_identify(vision_opencv/vision_opencv) by extension 'ignore_ament_install'
[0.574s] Level 1:colcon.colcon_core.package_identification:_identify(vision_opencv/vision_opencv) by extensions ['colcon_pkg']
[0.574s] Level 1:colcon.colcon_core.package_identification:_identify(vision_opencv/vision_opencv) by extension 'colcon_pkg'
[0.574s] Level 1:colcon.colcon_core.package_identification:_identify(vision_opencv/vision_opencv) by extensions ['colcon_meta']
[0.574s] Level 1:colcon.colcon_core.package_identification:_identify(vision_opencv/vision_opencv) by extension 'colcon_meta'
[0.574s] Level 1:colcon.colcon_core.package_identification:_identify(vision_opencv/vision_opencv) by extensions ['ros']
[0.574s] Level 1:colcon.colcon_core.package_identification:_identify(vision_opencv/vision_opencv) by extension 'ros'
[0.575s] DEBUG:colcon.colcon_core.package_identification:Package 'vision_opencv/vision_opencv' with type 'ros.ament_cmake' and name 'vision_opencv'
[0.575s] Level 1:colcon.colcon_core.package_discovery:discover_packages(recursive) using defaults
[0.575s] Level 1:colcon.colcon_core.package_discovery:discover_packages(ignore) discover
[0.575s] Level 1:colcon.colcon_core.package_discovery:discover_packages(ignore) using defaults
[0.575s] Level 1:colcon.colcon_core.package_discovery:discover_packages(path) discover
[0.575s] Level 1:colcon.colcon_core.package_discovery:discover_packages(path) using defaults
[0.620s] INFO:colcon.colcon_core.package_selection:Skipping not selected package 'cpp_pubsub' in 'cpp_pubsub'
[0.620s] INFO:colcon.colcon_core.package_selection:Skipping not selected package 'cv_bridge' in 'vision_opencv/cv_bridge'
[0.620s] INFO:colcon.colcon_core.package_selection:Skipping not selected package 'image_geometry' in 'vision_opencv/image_geometry'
[0.620s] INFO:colcon.colcon_core.package_selection:Skipping not selected package 'pong_core' in 'pong_core'
[0.620s] INFO:colcon.colcon_core.package_selection:Skipping not selected package 'cam_input' in 'cam_input'
[0.620s] INFO:colcon.colcon_core.package_selection:Skipping not selected package 'opencv_tests' in 'vision_opencv/opencv_tests'
[0.620s] INFO:colcon.colcon_core.package_selection:Skipping not selected package 'vision_opencv' in 'vision_opencv/vision_opencv'
[0.621s] Level 1:colcon.colcon_core.package_discovery:discover_packages(prefix_path) check parameters
[0.621s] Level 1:colcon.colcon_core.package_discovery:discover_packages(prefix_path) discover
[0.642s] DEBUG:colcon.colcon_installed_package_information.package_discovery:Found 343 installed packages in /home/agata/ros2_humble/install
[0.643s] Level 1:colcon.colcon_core.package_discovery:discover_packages(prefix_path) using defaults
[0.667s] Level 5:colcon.colcon_core.verb:set package 'custom_messages' build argument 'cmake_args' from command line to 'None'
[0.667s] Level 5:colcon.colcon_core.verb:set package 'custom_messages' build argument 'cmake_target' from command line to 'None'
[0.667s] Level 5:colcon.colcon_core.verb:set package 'custom_messages' build argument 'cmake_target_skip_unavailable' from command line to 'False'
[0.667s] Level 5:colcon.colcon_core.verb:set package 'custom_messages' build argument 'cmake_clean_cache' from command line to 'False'
[0.667s] Level 5:colcon.colcon_core.verb:set package 'custom_messages' build argument 'cmake_clean_first' from command line to 'False'
[0.667s] Level 5:colcon.colcon_core.verb:set package 'custom_messages' build argument 'cmake_force_configure' from command line to 'False'
[0.667s] Level 5:colcon.colcon_core.verb:set package 'custom_messages' build argument 'ament_cmake_args' from command line to 'None'
[0.667s] Level 5:colcon.colcon_core.verb:set package 'custom_messages' build argument 'catkin_cmake_args' from command line to 'None'
[0.667s] Level 5:colcon.colcon_core.verb:set package 'custom_messages' build argument 'catkin_skip_building_tests' from command line to 'False'
[0.667s] DEBUG:colcon.colcon_core.verb:Building package 'custom_messages' with the following arguments: {'ament_cmake_args': None, 'build_base': '/home/agata/pong_ws/src/build/custom_messages', 'catkin_cmake_args': None, 'catkin_skip_building_tests': False, 'cmake_args': None, 'cmake_clean_cache': False, 'cmake_clean_first': False, 'cmake_force_configure': False, 'cmake_target': None, 'cmake_target_skip_unavailable': False, 'install_base': '/home/agata/pong_ws/src/install/custom_messages', 'merge_install': False, 'path': '/home/agata/pong_ws/src/custom_messages', 'symlink_install': False, 'test_result_base': None}
[0.669s] INFO:colcon.colcon_core.executor:Executing jobs using 'parallel' executor
[0.679s] DEBUG:colcon.colcon_parallel_executor.executor.parallel:run_until_complete
[0.679s] INFO:colcon.colcon_ros.task.ament_cmake.build:Building ROS package in '/home/agata/pong_ws/src/custom_messages' with build type 'ament_cmake'
[0.680s] INFO:colcon.colcon_cmake.task.cmake.build:Building CMake package in '/home/agata/pong_ws/src/custom_messages'
[0.690s] INFO:colcon.colcon_core.plugin_system:Skipping extension 'colcon_core.shell.bat': Not used on non-Windows systems
[0.690s] INFO:colcon.colcon_core.shell:Skip shell extension 'powershell' for command environment: Not usable outside of PowerShell
[0.690s] DEBUG:colcon.colcon_core.shell:Skip shell extension 'dsv' for command environment
[0.721s] DEBUG:colcon.colcon_core.event_handler.log_command:Invoking command in '/home/agata/pong_ws/src/build/custom_messages': CMAKE_PREFIX_PATH=${CMAKE_PREFIX_PATH}:/home/agata/ros2_humble/install/rqt_bag_plugins:/home/agata/ros2_humble/install/rqt_bag:/home/agata/ros2_humble/install/ros2bag:/home/agata/ros2_humble/install/tracetools_test:/home/agata/ros2_humble/install/tracetools_launch:/home/agata/ros2_humble/install/topic_monitor:/home/agata/ros2_humble/install/tf2_tools:/home/agata/ros2_humble/install/examples_tf2_py:/home/agata/ros2_humble/install/tf2_ros_py:/home/agata/ros2_humble/install/sros2:/home/agata/ros2_humble/install/rqt_topic:/home/agata/ros2_humble/install/rqt_srv:/home/agata/ros2_humble/install/rqt_shell:/home/agata/ros2_humble/install/rqt_service_caller:/home/agata/ros2_humble/install/rqt_reconfigure:/home/agata/ros2_humble/install/rqt_py_console:/home/agata/ros2_humble/install/rqt_publisher:/home/agata/ros2_humble/install/rqt_plot:/home/agata/ros2_humble/install/rqt_action:/home/agata/ros2_humble/install/rqt_msg:/home/agata/ros2_humble/install/rqt_console:/home/agata/ros2_humble/install/rqt:/home/agata/ros2_humble/install/rqt_graph:/home/agata/ros2_humble/install/rqt_gui_py:/home/agata/ros2_humble/install/rqt_gui:/home/agata/ros2_humble/install/ros2trace:/home/agata/ros2_humble/install/ros2topic:/home/agata/ros2_humble/install/ros2test:/home/agata/ros2_humble/install/ros2component:/home/agata/ros2_humble/install/ros2param:/home/agata/ros2_humble/install/ros2lifecycle:/home/agata/ros2_humble/install/ros2service:/home/agata/ros2_humble/install/ros2run:/home/agata/ros2_humble/install/ros2launch:/home/agata/ros2_humble/install/ros2pkg:/home/agata/ros2_humble/install/ros2node:/home/agata/ros2_humble/install/ros2multicast:/home/agata/ros2_humble/install/ros2interface:/home/agata/ros2_humble/install/ros2doctor:/home/agata/ros2_humble/install/ros2action:/home/agata/ros2_humble/install/ros2cli:/home/agata/ros2_humble/install/quality_of_service_demo_py:/home/agata/ros2_humble/install/lifecycle_py:/home/agata/ros2_humble/install/launch_testing_ros:/home/agata/ros2_humble/install/launch_ros:/home/agata/ros2_humble/install/examples_rclpy_pointcloud_publisher:/home/agata/ros2_humble/install/examples_rclpy_minimal_subscriber:/home/agata/ros2_humble/install/examples_rclpy_minimal_service:/home/agata/ros2_humble/install/examples_rclpy_minimal_publisher:/home/agata/ros2_humble/install/examples_rclpy_minimal_client:/home/agata/ros2_humble/install/examples_rclpy_minimal_action_server:/home/agata/ros2_humble/install/examples_rclpy_minimal_action_client:/home/agata/ros2_humble/install/examples_rclpy_guard_conditions:/home/agata/ros2_humble/install/examples_rclpy_executors:/home/agata/ros2_humble/install/demo_nodes_py:/home/agata/ros2_humble/install/action_tutorials_py:/home/agata/ros2_humble/install/ament_uncrustify:/home/agata/ros2_humble/install/tracetools_trace:/home/agata/ros2_humble/install/tracetools_read:/home/agata/ros2_humble/install/test_tracetools_launch:/home/agata/ros2_humble/install/test_launch_ros:/home/agata/ros2_humble/install/sensor_msgs_py:/home/agata/ros2_humble/install/rpyutils:/home/agata/ros2_humble/install/rosidl_runtime_py:/home/agata/ros2_humble/install/rosidl_cli:/home/agata/ros2_humble/install/launch_pytest:/home/agata/ros2_humble/install/launch_testing:/home/agata/ros2_humble/install/launch_yaml:/home/agata/ros2_humble/install/launch_xml:/home/agata/ros2_humble/install/launch:/home/agata/ros2_humble/install/osrf_pycommon:/home/agata/ros2_humble/install/launch_testing_examples:/home/agata/ros2_humble/install/domain_coordinator:/home/agata/ros2_humble/install/ament_xmllint:/home/agata/ros2_humble/install/ament_pyflakes:/home/agata/ros2_humble/install/ament_pycodestyle:/home/agata/ros2_humble/install/ament_pep257:/home/agata/ros2_humble/install/ament_pclint:/home/agata/ros2_humble/install/ament_package:/home/agata/ros2_humble/install/ament_mypy:/home/agata/ros2_humble/install/ament_lint_cmake:/home/agata/ros2_humble/install/ament_flake8:/home/agata/ros2_humble/install/ament_copyright:/home/agata/ros2_humble/install/ament_lint:/home/agata/ros2_humble/install/ament_index_python:/home/agata/ros2_humble/install/ament_cpplint:/home/agata/ros2_humble/install/ament_cppcheck:/home/agata/ros2_humble/install/ament_clang_tidy:/home/agata/ros2_humble/install/ament_clang_format /usr/bin/cmake /home/agata/pong_ws/src/custom_messages -DCMAKE_INSTALL_PREFIX=/home/agata/pong_ws/src/install/custom_messages
[7.351s] DEBUG:colcon.colcon_core.event_handler.log_command:Invoked command in '/home/agata/pong_ws/src/build/custom_messages' returned '1': CMAKE_PREFIX_PATH=${CMAKE_PREFIX_PATH}:/home/agata/ros2_humble/install/rqt_bag_plugins:/home/agata/ros2_humble/install/rqt_bag:/home/agata/ros2_humble/install/ros2bag:/home/agata/ros2_humble/install/tracetools_test:/home/agata/ros2_humble/install/tracetools_launch:/home/agata/ros2_humble/install/topic_monitor:/home/agata/ros2_humble/install/tf2_tools:/home/agata/ros2_humble/install/examples_tf2_py:/home/agata/ros2_humble/install/tf2_ros_py:/home/agata/ros2_humble/install/sros2:/home/agata/ros2_humble/install/rqt_topic:/home/agata/ros2_humble/install/rqt_srv:/home/agata/ros2_humble/install/rqt_shell:/home/agata/ros2_humble/install/rqt_service_caller:/home/agata/ros2_humble/install/rqt_reconfigure:/home/agata/ros2_humble/install/rqt_py_console:/home/agata/ros2_humble/install/rqt_publisher:/home/agata/ros2_humble/install/rqt_plot:/home/agata/ros2_humble/install/rqt_action:/home/agata/ros2_humble/install/rqt_msg:/home/agata/ros2_humble/install/rqt_console:/home/agata/ros2_humble/install/rqt:/home/agata/ros2_humble/install/rqt_graph:/home/agata/ros2_humble/install/rqt_gui_py:/home/agata/ros2_humble/install/rqt_gui:/home/agata/ros2_humble/install/ros2trace:/home/agata/ros2_humble/install/ros2topic:/home/agata/ros2_humble/install/ros2test:/home/agata/ros2_humble/install/ros2component:/home/agata/ros2_humble/install/ros2param:/home/agata/ros2_humble/install/ros2lifecycle:/home/agata/ros2_humble/install/ros2service:/home/agata/ros2_humble/install/ros2run:/home/agata/ros2_humble/install/ros2launch:/home/agata/ros2_humble/install/ros2pkg:/home/agata/ros2_humble/install/ros2node:/home/agata/ros2_humble/install/ros2multicast:/home/agata/ros2_humble/install/ros2interface:/home/agata/ros2_humble/install/ros2doctor:/home/agata/ros2_humble/install/ros2action:/home/agata/ros2_humble/install/ros2cli:/home/agata/ros2_humble/install/quality_of_service_demo_py:/home/agata/ros2_humble/install/lifecycle_py:/home/agata/ros2_humble/install/launch_testing_ros:/home/agata/ros2_humble/install/launch_ros:/home/agata/ros2_humble/install/examples_rclpy_pointcloud_publisher:/home/agata/ros2_humble/install/examples_rclpy_minimal_subscriber:/home/agata/ros2_humble/install/examples_rclpy_minimal_service:/home/agata/ros2_humble/install/examples_rclpy_minimal_publisher:/home/agata/ros2_humble/install/examples_rclpy_minimal_client:/home/agata/ros2_humble/install/examples_rclpy_minimal_action_server:/home/agata/ros2_humble/install/examples_rclpy_minimal_action_client:/home/agata/ros2_humble/install/examples_rclpy_guard_conditions:/home/agata/ros2_humble/install/examples_rclpy_executors:/home/agata/ros2_humble/install/demo_nodes_py:/home/agata/ros2_humble/install/action_tutorials_py:/home/agata/ros2_humble/install/ament_uncrustify:/home/agata/ros2_humble/install/tracetools_trace:/home/agata/ros2_humble/install/tracetools_read:/home/agata/ros2_humble/install/test_tracetools_launch:/home/agata/ros2_humble/install/test_launch_ros:/home/agata/ros2_humble/install/sensor_msgs_py:/home/agata/ros2_humble/install/rpyutils:/home/agata/ros2_humble/install/rosidl_runtime_py:/home/agata/ros2_humble/install/rosidl_cli:/home/agata/ros2_humble/install/launch_pytest:/home/agata/ros2_humble/install/launch_testing:/home/agata/ros2_humble/install/launch_yaml:/home/agata/ros2_humble/install/launch_xml:/home/agata/ros2_humble/install/launch:/home/agata/ros2_humble/install/osrf_pycommon:/home/agata/ros2_humble/install/launch_testing_examples:/home/agata/ros2_humble/install/domain_coordinator:/home/agata/ros2_humble/install/ament_xmllint:/home/agata/ros2_humble/install/ament_pyflakes:/home/agata/ros2_humble/install/ament_pycodestyle:/home/agata/ros2_humble/install/ament_pep257:/home/agata/ros2_humble/install/ament_pclint:/home/agata/ros2_humble/install/ament_package:/home/agata/ros2_humble/install/ament_mypy:/home/agata/ros2_humble/install/ament_lint_cmake:/home/agata/ros2_humble/install/ament_flake8:/home/agata/ros2_humble/install/ament_copyright:/home/agata/ros2_humble/install/ament_lint:/home/agata/ros2_humble/install/ament_index_python:/home/agata/ros2_humble/install/ament_cpplint:/home/agata/ros2_humble/install/ament_cppcheck:/home/agata/ros2_humble/install/ament_clang_tidy:/home/agata/ros2_humble/install/ament_clang_format /usr/bin/cmake /home/agata/pong_ws/src/custom_messages -DCMAKE_INSTALL_PREFIX=/home/agata/pong_ws/src/install/custom_messages
[7.371s] Level 1:colcon.colcon_core.environment:create_environment_scripts_only(custom_messages)
[7.385s] Level 1:colcon.colcon_core.environment:checking '/home/agata/pong_ws/src/install/custom_messages' for CMake module files
[7.385s] Level 1:colcon.colcon_core.environment:checking '/home/agata/pong_ws/src/install/custom_messages' for CMake config files
[7.385s] Level 1:colcon.colcon_core.environment:checking '/home/agata/pong_ws/src/install/custom_messages/bin'
[7.386s] Level 1:colcon.colcon_core.environment:checking '/home/agata/pong_ws/src/install/custom_messages/lib/pkgconfig/custom_messages.pc'
[7.388s] Level 1:colcon.colcon_core.environment:checking '/home/agata/pong_ws/src/install/custom_messages/lib/python3.8/site-packages'
[7.388s] Level 1:colcon.colcon_core.environment:checking '/home/agata/pong_ws/src/install/custom_messages/bin'
[7.393s] INFO:colcon.colcon_core.shell:Creating package script '/home/agata/pong_ws/src/install/custom_messages/share/custom_messages/package.ps1'
[7.393s] INFO:colcon.colcon_core.shell:Creating package descriptor '/home/agata/pong_ws/src/install/custom_messages/share/custom_messages/package.dsv'
[7.394s] INFO:colcon.colcon_core.shell:Creating package script '/home/agata/pong_ws/src/install/custom_messages/share/custom_messages/package.sh'
[7.394s] INFO:colcon.colcon_core.shell:Creating package script '/home/agata/pong_ws/src/install/custom_messages/share/custom_messages/package.bash'
[7.395s] INFO:colcon.colcon_core.shell:Creating package script '/home/agata/pong_ws/src/install/custom_messages/share/custom_messages/package.zsh'
[7.395s] Level 1:colcon.colcon_core.environment:create_file_with_runtime_dependencies(/home/agata/pong_ws/src/install/custom_messages/share/colcon-core/packages/custom_messages)
[7.406s] DEBUG:colcon.colcon_parallel_executor.executor.parallel:closing loop
[7.407s] DEBUG:colcon.colcon_parallel_executor.executor.parallel:loop closed
[7.407s] DEBUG:colcon.colcon_parallel_executor.executor.parallel:run_until_complete finished with '1'
[7.407s] DEBUG:colcon.colcon_core.event_reactor:joining thread
[7.432s] INFO:colcon.colcon_core.plugin_system:Skipping extension 'colcon_notification.desktop_notification.terminal_notifier': Not used on non-Darwin systems
[7.432s] INFO:colcon.colcon_core.plugin_system:Skipping extension 'colcon_notification.desktop_notification.win32': Not used on non-Windows systems
[7.432s] INFO:colcon.colcon_notification.desktop_notification:Sending desktop notification using 'notify2'
[7.446s] DEBUG:colcon.colcon_core.event_reactor:joined thread
[7.451s] INFO:colcon.colcon_core.shell:Creating prefix script '/home/agata/pong_ws/src/install/local_setup.ps1'
[7.452s] INFO:colcon.colcon_core.shell:Creating prefix util module '/home/agata/pong_ws/src/install/_local_setup_util_ps1.py'
[7.453s] INFO:colcon.colcon_core.shell:Creating prefix chain script '/home/agata/pong_ws/src/install/setup.ps1'
[7.465s] INFO:colcon.colcon_core.shell:Creating prefix script '/home/agata/pong_ws/src/install/local_setup.sh'
[7.465s] INFO:colcon.colcon_core.shell:Creating prefix util module '/home/agata/pong_ws/src/install/_local_setup_util_sh.py'
[7.466s] INFO:colcon.colcon_core.shell:Creating prefix chain script '/home/agata/pong_ws/src/install/setup.sh'
[7.477s] INFO:colcon.colcon_core.shell:Creating prefix script '/home/agata/pong_ws/src/install/local_setup.bash'
[7.478s] INFO:colcon.colcon_core.shell:Creating prefix chain script '/home/agata/pong_ws/src/install/setup.bash'
[7.489s] INFO:colcon.colcon_core.shell:Creating prefix script '/home/agata/pong_ws/src/install/local_setup.zsh'
[7.489s] INFO:colcon.colcon_core.shell:Creating prefix chain script '/home/agata/pong_ws/src/install/setup.zsh'
