-- The C compiler identification is GNU 9.4.0
-- The CXX compiler identification is GNU 9.4.0
-- Check for working C compiler: /usr/bin/cc
-- Check for working C compiler: /usr/bin/cc -- works
-- Detecting C compiler ABI info
-- Detecting C compiler ABI info - done
-- Detecting C compile features
-- Detecting C compile features - done
-- Check for working CXX compiler: /usr/bin/c++
-- Check for working CXX compiler: /usr/bin/c++ -- works
-- Detecting CXX compiler ABI info
-- Detecting CXX compiler ABI info - done
-- Detecting CXX compile features
-- Detecting CXX compile features - done
-- Found ament_cmake_ros: 0.10.0 (/home/agata/ros2_humble/install/ament_cmake_ros/share/ament_cmake_ros/cmake)
-- Found Python3: /usr/bin/python3.8 (found version "3.8.10") found components: Interpreter 
-- Found Python3: /usr/lib/x86_64-linux-gnu/libpython3.8.so (found version "3.8.10") found components: Development NumPy Interpreter 
-- Found Boost: /usr/lib/x86_64-linux-gnu/cmake/Boost-1.71.0/BoostConfig.cmake (found version "1.71.0") found components: python38 
-- Found rclcpp: 16.0.3 (/home/agata/ros2_humble/install/rclcpp/share/rclcpp/cmake)
-- Found rosidl_generator_c: 3.1.4 (/home/agata/ros2_humble/install/rosidl_generator_c/share/rosidl_generator_c/cmake)
-- Found rosidl_adapter: 3.1.4 (/home/agata/ros2_humble/install/rosidl_adapter/share/rosidl_adapter/cmake)
-- Found rosidl_generator_cpp: 3.1.4 (/home/agata/ros2_humble/install/rosidl_generator_cpp/share/rosidl_generator_cpp/cmake)
-- Using all available rosidl_typesupport_c: rosidl_typesupport_introspection_c;rosidl_typesupport_fastrtps_c
-- Using all available rosidl_typesupport_cpp: rosidl_typesupport_introspection_cpp;rosidl_typesupport_fastrtps_cpp
-- Found rmw_implementation_cmake: 6.1.1 (/home/agata/ros2_humble/install/rmw_implementation_cmake/share/rmw_implementation_cmake/cmake)
-- Found rmw_fastrtps_cpp: 6.2.2 (/home/agata/ros2_humble/install/rmw_fastrtps_cpp/share/rmw_fastrtps_cpp/cmake)
-- Found OpenSSL: /usr/lib/x86_64-linux-gnu/libcrypto.so (found version "1.1.1f")  
-- Found FastRTPS: /home/agata/ros2_humble/install/fastrtps/include  
-- Using RMW implementation 'rmw_fastrtps_cpp' as default
-- Looking for pthread.h
-- Looking for pthread.h - found
-- Performing Test CMAKE_HAVE_LIBC_PTHREAD
-- Performing Test CMAKE_HAVE_LIBC_PTHREAD - Failed
-- Looking for pthread_create in pthreads
-- Looking for pthread_create in pthreads - not found
-- Looking for pthread_create in pthread
-- Looking for pthread_create in pthread - found
-- Found Threads: TRUE  
-- Found sensor_msgs: 4.2.3 (/home/agata/ros2_humble/install/sensor_msgs/share/sensor_msgs/cmake)
-- Performing Test COMPILER_HAS_HIDDEN_VISIBILITY
-- Performing Test COMPILER_HAS_HIDDEN_VISIBILITY - Success
-- Performing Test COMPILER_HAS_HIDDEN_INLINE_VISIBILITY
-- Performing Test COMPILER_HAS_HIDDEN_INLINE_VISIBILITY - Success
-- Performing Test COMPILER_HAS_DEPRECATED_ATTR
-- Performing Test COMPILER_HAS_DEPRECATED_ATTR - Success
-- Found ament_lint_auto: 0.12.5 (/home/agata/ros2_humble/install/ament_lint_auto/share/ament_lint_auto/cmake)
-- Found gtest sources under '/home/agata/ros2_humble/install/gtest_vendor/src/gtest_vendor': C++ tests using 'Google Test' will be built
-- Check if compiler accepts -pthread
-- Check if compiler accepts -pthread - yes
-- Configuring done
-- Generating done
-- Build files have been written to: /home/agata/pong_ws/src/build/cv_bridge
[35m[1mScanning dependencies of target ament_cmake_python_copy_cv_bridge[0m
[35m[1mScanning dependencies of target gtest[0m
[35m[1mScanning dependencies of target gtest_main[0m
[35m[1mScanning dependencies of target cv_bridge[0m
[ 11%] [32mBuilding CXX object gtest/CMakeFiles/gtest_main.dir/src/gtest_main.cc.o[0m
[ 11%] [32mBuilding CXX object gtest/CMakeFiles/gtest.dir/src/gtest-all.cc.o[0m
[ 11%] Built target ament_cmake_python_copy_cv_bridge
[35m[1mScanning dependencies of target ament_cmake_python_build_cv_bridge_egg[0m
[ 16%] [32mBuilding CXX object src/CMakeFiles/cv_bridge.dir/cv_bridge.cpp.o[0m
[ 22%] [32mBuilding CXX object src/CMakeFiles/cv_bridge.dir/cv_mat_sensor_msgs_image_type_adapter.cpp.o[0m
[ 27%] [32mBuilding CXX object src/CMakeFiles/cv_bridge.dir/rgb_colors.cpp.o[0m
running egg_info
creating cv_bridge.egg-info
writing cv_bridge.egg-info/PKG-INFO
writing dependency_links to cv_bridge.egg-info/dependency_links.txt
writing top-level names to cv_bridge.egg-info/top_level.txt
writing manifest file 'cv_bridge.egg-info/SOURCES.txt'
reading manifest file 'cv_bridge.egg-info/SOURCES.txt'
writing manifest file 'cv_bridge.egg-info/SOURCES.txt'
[ 27%] Built target ament_cmake_python_build_cv_bridge_egg
[ 33%] [32m[1mLinking CXX static library libgtest_main.a[0m
[ 33%] Built target gtest_main
[ 38%] [32m[1mLinking CXX static library libgtest.a[0m
[ 38%] Built target gtest
[ 44%] [32m[1mLinking CXX shared library libcv_bridge.so[0m
[ 44%] Built target cv_bridge
[35m[1mScanning dependencies of target cv_bridge_boost[0m
[35m[1mScanning dependencies of target cv_bridge-utest[0m
[ 50%] [32mBuilding CXX object src/CMakeFiles/cv_bridge_boost.dir/module.cpp.o[0m
[ 55%] [32mBuilding CXX object src/CMakeFiles/cv_bridge_boost.dir/module_opencv4.cpp.o[0m
[ 66%] [32mBuilding CXX object test/CMakeFiles/cv_bridge-utest.dir/utest2.cpp.o[0m
[ 66%] [32mBuilding CXX object test/CMakeFiles/cv_bridge-utest.dir/test_dynamic_scaling.cpp.o[0m
[ 72%] [32mBuilding CXX object test/CMakeFiles/cv_bridge-utest.dir/test_compression.cpp.o[0m
[ 77%] [32mBuilding CXX object test/CMakeFiles/cv_bridge-utest.dir/test_endian.cpp.o[0m
[ 83%] [32mBuilding CXX object test/CMakeFiles/cv_bridge-utest.dir/utest.cpp.o[0m
[ 88%] [32mBuilding CXX object test/CMakeFiles/cv_bridge-utest.dir/test_rgb_colors.cpp.o[0m
[ 94%] [32m[1mLinking CXX executable cv_bridge-utest[0m
[ 94%] Built target cv_bridge-utest
[100%] [32m[1mLinking CXX shared module boost/cv_bridge_boost.so[0m
[100%] Built target cv_bridge_boost
-- Install configuration: ""
-- Installing: /home/agata/pong_ws/src/install/cv_bridge/share/cv_bridge/environment/pythonpath.sh
-- Installing: /home/agata/pong_ws/src/install/cv_bridge/share/cv_bridge/environment/pythonpath.dsv
-- Installing: /home/agata/pong_ws/src/install/cv_bridge/lib/python3.8/site-packages/cv_bridge-3.4.0-py3.8.egg-info
-- Installing: /home/agata/pong_ws/src/install/cv_bridge/lib/python3.8/site-packages/cv_bridge-3.4.0-py3.8.egg-info/SOURCES.txt
-- Installing: /home/agata/pong_ws/src/install/cv_bridge/lib/python3.8/site-packages/cv_bridge-3.4.0-py3.8.egg-info/dependency_links.txt
-- Installing: /home/agata/pong_ws/src/install/cv_bridge/lib/python3.8/site-packages/cv_bridge-3.4.0-py3.8.egg-info/top_level.txt
-- Installing: /home/agata/pong_ws/src/install/cv_bridge/lib/python3.8/site-packages/cv_bridge-3.4.0-py3.8.egg-info/PKG-INFO
-- Installing: /home/agata/pong_ws/src/install/cv_bridge/lib/python3.8/site-packages/cv_bridge
-- Installing: /home/agata/pong_ws/src/install/cv_bridge/lib/python3.8/site-packages/cv_bridge/core.py
-- Installing: /home/agata/pong_ws/src/install/cv_bridge/lib/python3.8/site-packages/cv_bridge/__init__.py
Listing '/home/agata/pong_ws/src/install/cv_bridge/lib/python3.8/site-packages/cv_bridge'...
Compiling '/home/agata/pong_ws/src/install/cv_bridge/lib/python3.8/site-packages/cv_bridge/__init__.py'...
Compiling '/home/agata/pong_ws/src/install/cv_bridge/lib/python3.8/site-packages/cv_bridge/core.py'...
-- Installing: /home/agata/pong_ws/src/install/cv_bridge/lib/libcv_bridge.so
-- Set runtime path of "/home/agata/pong_ws/src/install/cv_bridge/lib/libcv_bridge.so" to ""
-- Installing: /home/agata/pong_ws/src/install/cv_bridge/include/cv_bridge/cv_bridge/cv_bridge_export.h
-- Installing: /home/agata/pong_ws/src/install/cv_bridge/lib/python3.8/site-packages/cv_bridge/boost/cv_bridge_boost.so
-- Set runtime path of "/home/agata/pong_ws/src/install/cv_bridge/lib/python3.8/site-packages/cv_bridge/boost/cv_bridge_boost.so" to ""
-- Up-to-date: /home/agata/pong_ws/src/install/cv_bridge/include/cv_bridge
-- Up-to-date: /home/agata/pong_ws/src/install/cv_bridge/include/cv_bridge/cv_bridge
-- Installing: /home/agata/pong_ws/src/install/cv_bridge/include/cv_bridge/cv_bridge/rgb_colors.h
-- Installing: /home/agata/pong_ws/src/install/cv_bridge/include/cv_bridge/cv_bridge/visibility_control.h
-- Installing: /home/agata/pong_ws/src/install/cv_bridge/include/cv_bridge/cv_bridge/cv_bridge.h
-- Installing: /home/agata/pong_ws/src/install/cv_bridge/include/cv_bridge/cv_bridge/cv_bridge.hpp
-- Installing: /home/agata/pong_ws/src/install/cv_bridge/include/cv_bridge/cv_bridge/cv_mat_sensor_msgs_image_type_adapter.hpp
-- Installing: /home/agata/pong_ws/src/install/cv_bridge/include/cv_bridge/cv_bridge/rgb_colors.hpp
-- Up-to-date: /home/agata/pong_ws/src/install/cv_bridge/lib/libcv_bridge.so
-- Installing: /home/agata/pong_ws/src/install/cv_bridge/share/ament_index/resource_index/package_run_dependencies/cv_bridge
-- Installing: /home/agata/pong_ws/src/install/cv_bridge/share/ament_index/resource_index/parent_prefix_path/cv_bridge
-- Installing: /home/agata/pong_ws/src/install/cv_bridge/share/cv_bridge/environment/ament_prefix_path.sh
-- Installing: /home/agata/pong_ws/src/install/cv_bridge/share/cv_bridge/environment/ament_prefix_path.dsv
-- Installing: /home/agata/pong_ws/src/install/cv_bridge/share/cv_bridge/environment/path.sh
-- Installing: /home/agata/pong_ws/src/install/cv_bridge/share/cv_bridge/environment/path.dsv
-- Installing: /home/agata/pong_ws/src/install/cv_bridge/share/cv_bridge/local_setup.bash
-- Installing: /home/agata/pong_ws/src/install/cv_bridge/share/cv_bridge/local_setup.sh
-- Installing: /home/agata/pong_ws/src/install/cv_bridge/share/cv_bridge/local_setup.zsh
-- Installing: /home/agata/pong_ws/src/install/cv_bridge/share/cv_bridge/local_setup.dsv
-- Installing: /home/agata/pong_ws/src/install/cv_bridge/share/cv_bridge/package.dsv
-- Installing: /home/agata/pong_ws/src/install/cv_bridge/share/ament_index/resource_index/packages/cv_bridge
-- Installing: /home/agata/pong_ws/src/install/cv_bridge/share/cv_bridge/cmake/export_cv_bridgeExport.cmake
-- Installing: /home/agata/pong_ws/src/install/cv_bridge/share/cv_bridge/cmake/export_cv_bridgeExport-noconfig.cmake
-- Installing: /home/agata/pong_ws/src/install/cv_bridge/share/cv_bridge/cmake/cv_bridge-extras.cmake
-- Installing: /home/agata/pong_ws/src/install/cv_bridge/share/cv_bridge/cmake/ament_cmake_export_dependencies-extras.cmake
-- Installing: /home/agata/pong_ws/src/install/cv_bridge/share/cv_bridge/cmake/ament_cmake_export_targets-extras.cmake
-- Installing: /home/agata/pong_ws/src/install/cv_bridge/share/cv_bridge/cmake/cv_bridgeConfig.cmake
-- Installing: /home/agata/pong_ws/src/install/cv_bridge/share/cv_bridge/cmake/cv_bridgeConfig-version.cmake
-- Installing: /home/agata/pong_ws/src/install/cv_bridge/share/cv_bridge/package.xml
