[0.038s] Invoking command in '/home/agata/pong_ws/src/build/cv_bridge': CMAKE_PREFIX_PATH=${CMAKE_PREFIX_PATH}:/home/agata/ros2_humble/install/rqt_bag_plugins:/home/agata/ros2_humble/install/rqt_bag:/home/agata/ros2_humble/install/ros2bag:/home/agata/ros2_humble/install/tracetools_test:/home/agata/ros2_humble/install/tracetools_launch:/home/agata/ros2_humble/install/topic_monitor:/home/agata/ros2_humble/install/tf2_tools:/home/agata/ros2_humble/install/examples_tf2_py:/home/agata/ros2_humble/install/tf2_ros_py:/home/agata/ros2_humble/install/sros2:/home/agata/ros2_humble/install/rqt_topic:/home/agata/ros2_humble/install/rqt_srv:/home/agata/ros2_humble/install/rqt_shell:/home/agata/ros2_humble/install/rqt_service_caller:/home/agata/ros2_humble/install/rqt_reconfigure:/home/agata/ros2_humble/install/rqt_py_console:/home/agata/ros2_humble/install/rqt_publisher:/home/agata/ros2_humble/install/rqt_plot:/home/agata/ros2_humble/install/rqt_action:/home/agata/ros2_humble/install/rqt_msg:/home/agata/ros2_humble/install/rqt_console:/home/agata/ros2_humble/install/rqt:/home/agata/ros2_humble/install/rqt_graph:/home/agata/ros2_humble/install/rqt_gui_py:/home/agata/ros2_humble/install/rqt_gui:/home/agata/ros2_humble/install/ros2trace:/home/agata/ros2_humble/install/ros2topic:/home/agata/ros2_humble/install/ros2test:/home/agata/ros2_humble/install/ros2component:/home/agata/ros2_humble/install/ros2param:/home/agata/ros2_humble/install/ros2lifecycle:/home/agata/ros2_humble/install/ros2service:/home/agata/ros2_humble/install/ros2run:/home/agata/ros2_humble/install/ros2launch:/home/agata/ros2_humble/install/ros2pkg:/home/agata/ros2_humble/install/ros2node:/home/agata/ros2_humble/install/ros2multicast:/home/agata/ros2_humble/install/ros2interface:/home/agata/ros2_humble/install/ros2doctor:/home/agata/ros2_humble/install/ros2action:/home/agata/ros2_humble/install/ros2cli:/home/agata/ros2_humble/install/quality_of_service_demo_py:/home/agata/ros2_humble/install/lifecycle_py:/home/agata/ros2_humble/install/launch_testing_ros:/home/agata/ros2_humble/install/launch_ros:/home/agata/ros2_humble/install/examples_rclpy_pointcloud_publisher:/home/agata/ros2_humble/install/examples_rclpy_minimal_subscriber:/home/agata/ros2_humble/install/examples_rclpy_minimal_service:/home/agata/ros2_humble/install/examples_rclpy_minimal_publisher:/home/agata/ros2_humble/install/examples_rclpy_minimal_client:/home/agata/ros2_humble/install/examples_rclpy_minimal_action_server:/home/agata/ros2_humble/install/examples_rclpy_minimal_action_client:/home/agata/ros2_humble/install/examples_rclpy_guard_conditions:/home/agata/ros2_humble/install/examples_rclpy_executors:/home/agata/ros2_humble/install/demo_nodes_py:/home/agata/ros2_humble/install/action_tutorials_py:/home/agata/ros2_humble/install/ament_uncrustify:/home/agata/ros2_humble/install/tracetools_trace:/home/agata/ros2_humble/install/tracetools_read:/home/agata/ros2_humble/install/test_tracetools_launch:/home/agata/ros2_humble/install/test_launch_ros:/home/agata/ros2_humble/install/sensor_msgs_py:/home/agata/ros2_humble/install/rpyutils:/home/agata/ros2_humble/install/rosidl_runtime_py:/home/agata/ros2_humble/install/rosidl_cli:/home/agata/ros2_humble/install/launch_pytest:/home/agata/ros2_humble/install/launch_testing:/home/agata/ros2_humble/install/launch_yaml:/home/agata/ros2_humble/install/launch_xml:/home/agata/ros2_humble/install/launch:/home/agata/ros2_humble/install/osrf_pycommon:/home/agata/ros2_humble/install/launch_testing_examples:/home/agata/ros2_humble/install/domain_coordinator:/home/agata/ros2_humble/install/ament_xmllint:/home/agata/ros2_humble/install/ament_pyflakes:/home/agata/ros2_humble/install/ament_pycodestyle:/home/agata/ros2_humble/install/ament_pep257:/home/agata/ros2_humble/install/ament_pclint:/home/agata/ros2_humble/install/ament_package:/home/agata/ros2_humble/install/ament_mypy:/home/agata/ros2_humble/install/ament_lint_cmake:/home/agata/ros2_humble/install/ament_flake8:/home/agata/ros2_humble/install/ament_copyright:/home/agata/ros2_humble/install/ament_lint:/home/agata/ros2_humble/install/ament_index_python:/home/agata/ros2_humble/install/ament_cpplint:/home/agata/ros2_humble/install/ament_cppcheck:/home/agata/ros2_humble/install/ament_clang_tidy:/home/agata/ros2_humble/install/ament_clang_format /usr/bin/cmake /home/agata/pong_ws/src/vision_opencv/cv_bridge -DCMAKE_INSTALL_PREFIX=/home/agata/pong_ws/src/install/cv_bridge
[0.121s] -- The C compiler identification is GNU 9.4.0
[0.213s] -- The CXX compiler identification is GNU 9.4.0
[0.229s] -- Check for working C compiler: /usr/bin/cc
[0.322s] -- Check for working C compiler: /usr/bin/cc -- works
[0.323s] -- Detecting C compiler ABI info
[0.426s] -- Detecting C compiler ABI info - done
[0.437s] -- Detecting C compile features
[0.437s] -- Detecting C compile features - done
[0.440s] -- Check for working CXX compiler: /usr/bin/c++
[0.557s] -- Check for working CXX compiler: /usr/bin/c++ -- works
[0.558s] -- Detecting CXX compiler ABI info
[0.667s] -- Detecting CXX compiler ABI info - done
[0.680s] -- Detecting CXX compile features
[0.680s] -- Detecting CXX compile features - done
[0.721s] -- Found ament_cmake_ros: 0.10.0 (/home/agata/ros2_humble/install/ament_cmake_ros/share/ament_cmake_ros/cmake)
[3.133s] -- Found Python3: /usr/bin/python3.8 (found version "3.8.10") found components: Interpreter 
[8.069s] -- Found Python3: /usr/lib/x86_64-linux-gnu/libpython3.8.so (found version "3.8.10") found components: Development NumPy Interpreter 
[8.148s] -- Found Boost: /usr/lib/x86_64-linux-gnu/cmake/Boost-1.71.0/BoostConfig.cmake (found version "1.71.0") found components: python38 
[8.155s] -- Found rclcpp: 16.0.3 (/home/agata/ros2_humble/install/rclcpp/share/rclcpp/cmake)
[8.289s] -- Found rosidl_generator_c: 3.1.4 (/home/agata/ros2_humble/install/rosidl_generator_c/share/rosidl_generator_c/cmake)
[8.309s] -- Found rosidl_adapter: 3.1.4 (/home/agata/ros2_humble/install/rosidl_adapter/share/rosidl_adapter/cmake)
[8.333s] -- Found rosidl_generator_cpp: 3.1.4 (/home/agata/ros2_humble/install/rosidl_generator_cpp/share/rosidl_generator_cpp/cmake)
[8.396s] -- Using all available rosidl_typesupport_c: rosidl_typesupport_introspection_c;rosidl_typesupport_fastrtps_c
[8.473s] -- Using all available rosidl_typesupport_cpp: rosidl_typesupport_introspection_cpp;rosidl_typesupport_fastrtps_cpp
[8.666s] -- Found rmw_implementation_cmake: 6.1.1 (/home/agata/ros2_humble/install/rmw_implementation_cmake/share/rmw_implementation_cmake/cmake)
[8.703s] -- Found rmw_fastrtps_cpp: 6.2.2 (/home/agata/ros2_humble/install/rmw_fastrtps_cpp/share/rmw_fastrtps_cpp/cmake)
[8.923s] -- Found OpenSSL: /usr/lib/x86_64-linux-gnu/libcrypto.so (found version "1.1.1f")  
[8.974s] -- Found FastRTPS: /home/agata/ros2_humble/install/fastrtps/include  
[9.084s] -- Using RMW implementation 'rmw_fastrtps_cpp' as default
[9.121s] -- Looking for pthread.h
[9.218s] -- Looking for pthread.h - found
[9.218s] -- Performing Test CMAKE_HAVE_LIBC_PTHREAD
[9.327s] -- Performing Test CMAKE_HAVE_LIBC_PTHREAD - Failed
[9.328s] -- Looking for pthread_create in pthreads
[9.415s] -- Looking for pthread_create in pthreads - not found
[9.416s] -- Looking for pthread_create in pthread
[9.513s] -- Looking for pthread_create in pthread - found
[9.513s] -- Found Threads: TRUE  
[9.742s] -- Found sensor_msgs: 4.2.3 (/home/agata/ros2_humble/install/sensor_msgs/share/sensor_msgs/cmake)
[10.749s] -- Performing Test COMPILER_HAS_HIDDEN_VISIBILITY
[10.858s] -- Performing Test COMPILER_HAS_HIDDEN_VISIBILITY - Success
[10.858s] -- Performing Test COMPILER_HAS_HIDDEN_INLINE_VISIBILITY
[10.974s] -- Performing Test COMPILER_HAS_HIDDEN_INLINE_VISIBILITY - Success
[10.974s] -- Performing Test COMPILER_HAS_DEPRECATED_ATTR
[11.082s] -- Performing Test COMPILER_HAS_DEPRECATED_ATTR - Success
[11.096s] -- Found ament_lint_auto: 0.12.5 (/home/agata/ros2_humble/install/ament_lint_auto/share/ament_lint_auto/cmake)
[11.646s] -- Found gtest sources under '/home/agata/ros2_humble/install/gtest_vendor/src/gtest_vendor': C++ tests using 'Google Test' will be built
[11.648s] -- Check if compiler accepts -pthread
[11.757s] -- Check if compiler accepts -pthread - yes
[14.920s] -- Configuring done
[14.955s] -- Generating done
[14.957s] -- Build files have been written to: /home/agata/pong_ws/src/build/cv_bridge
[14.967s] Invoked command in '/home/agata/pong_ws/src/build/cv_bridge' returned '0': CMAKE_PREFIX_PATH=${CMAKE_PREFIX_PATH}:/home/agata/ros2_humble/install/rqt_bag_plugins:/home/agata/ros2_humble/install/rqt_bag:/home/agata/ros2_humble/install/ros2bag:/home/agata/ros2_humble/install/tracetools_test:/home/agata/ros2_humble/install/tracetools_launch:/home/agata/ros2_humble/install/topic_monitor:/home/agata/ros2_humble/install/tf2_tools:/home/agata/ros2_humble/install/examples_tf2_py:/home/agata/ros2_humble/install/tf2_ros_py:/home/agata/ros2_humble/install/sros2:/home/agata/ros2_humble/install/rqt_topic:/home/agata/ros2_humble/install/rqt_srv:/home/agata/ros2_humble/install/rqt_shell:/home/agata/ros2_humble/install/rqt_service_caller:/home/agata/ros2_humble/install/rqt_reconfigure:/home/agata/ros2_humble/install/rqt_py_console:/home/agata/ros2_humble/install/rqt_publisher:/home/agata/ros2_humble/install/rqt_plot:/home/agata/ros2_humble/install/rqt_action:/home/agata/ros2_humble/install/rqt_msg:/home/agata/ros2_humble/install/rqt_console:/home/agata/ros2_humble/install/rqt:/home/agata/ros2_humble/install/rqt_graph:/home/agata/ros2_humble/install/rqt_gui_py:/home/agata/ros2_humble/install/rqt_gui:/home/agata/ros2_humble/install/ros2trace:/home/agata/ros2_humble/install/ros2topic:/home/agata/ros2_humble/install/ros2test:/home/agata/ros2_humble/install/ros2component:/home/agata/ros2_humble/install/ros2param:/home/agata/ros2_humble/install/ros2lifecycle:/home/agata/ros2_humble/install/ros2service:/home/agata/ros2_humble/install/ros2run:/home/agata/ros2_humble/install/ros2launch:/home/agata/ros2_humble/install/ros2pkg:/home/agata/ros2_humble/install/ros2node:/home/agata/ros2_humble/install/ros2multicast:/home/agata/ros2_humble/install/ros2interface:/home/agata/ros2_humble/install/ros2doctor:/home/agata/ros2_humble/install/ros2action:/home/agata/ros2_humble/install/ros2cli:/home/agata/ros2_humble/install/quality_of_service_demo_py:/home/agata/ros2_humble/install/lifecycle_py:/home/agata/ros2_humble/install/launch_testing_ros:/home/agata/ros2_humble/install/launch_ros:/home/agata/ros2_humble/install/examples_rclpy_pointcloud_publisher:/home/agata/ros2_humble/install/examples_rclpy_minimal_subscriber:/home/agata/ros2_humble/install/examples_rclpy_minimal_service:/home/agata/ros2_humble/install/examples_rclpy_minimal_publisher:/home/agata/ros2_humble/install/examples_rclpy_minimal_client:/home/agata/ros2_humble/install/examples_rclpy_minimal_action_server:/home/agata/ros2_humble/install/examples_rclpy_minimal_action_client:/home/agata/ros2_humble/install/examples_rclpy_guard_conditions:/home/agata/ros2_humble/install/examples_rclpy_executors:/home/agata/ros2_humble/install/demo_nodes_py:/home/agata/ros2_humble/install/action_tutorials_py:/home/agata/ros2_humble/install/ament_uncrustify:/home/agata/ros2_humble/install/tracetools_trace:/home/agata/ros2_humble/install/tracetools_read:/home/agata/ros2_humble/install/test_tracetools_launch:/home/agata/ros2_humble/install/test_launch_ros:/home/agata/ros2_humble/install/sensor_msgs_py:/home/agata/ros2_humble/install/rpyutils:/home/agata/ros2_humble/install/rosidl_runtime_py:/home/agata/ros2_humble/install/rosidl_cli:/home/agata/ros2_humble/install/launch_pytest:/home/agata/ros2_humble/install/launch_testing:/home/agata/ros2_humble/install/launch_yaml:/home/agata/ros2_humble/install/launch_xml:/home/agata/ros2_humble/install/launch:/home/agata/ros2_humble/install/osrf_pycommon:/home/agata/ros2_humble/install/launch_testing_examples:/home/agata/ros2_humble/install/domain_coordinator:/home/agata/ros2_humble/install/ament_xmllint:/home/agata/ros2_humble/install/ament_pyflakes:/home/agata/ros2_humble/install/ament_pycodestyle:/home/agata/ros2_humble/install/ament_pep257:/home/agata/ros2_humble/install/ament_pclint:/home/agata/ros2_humble/install/ament_package:/home/agata/ros2_humble/install/ament_mypy:/home/agata/ros2_humble/install/ament_lint_cmake:/home/agata/ros2_humble/install/ament_flake8:/home/agata/ros2_humble/install/ament_copyright:/home/agata/ros2_humble/install/ament_lint:/home/agata/ros2_humble/install/ament_index_python:/home/agata/ros2_humble/install/ament_cpplint:/home/agata/ros2_humble/install/ament_cppcheck:/home/agata/ros2_humble/install/ament_clang_tidy:/home/agata/ros2_humble/install/ament_clang_format /usr/bin/cmake /home/agata/pong_ws/src/vision_opencv/cv_bridge -DCMAKE_INSTALL_PREFIX=/home/agata/pong_ws/src/install/cv_bridge
[14.970s] Invoking command in '/home/agata/pong_ws/src/build/cv_bridge': CMAKE_PREFIX_PATH=${CMAKE_PREFIX_PATH}:/home/agata/ros2_humble/install/rqt_bag_plugins:/home/agata/ros2_humble/install/rqt_bag:/home/agata/ros2_humble/install/ros2bag:/home/agata/ros2_humble/install/tracetools_test:/home/agata/ros2_humble/install/tracetools_launch:/home/agata/ros2_humble/install/topic_monitor:/home/agata/ros2_humble/install/tf2_tools:/home/agata/ros2_humble/install/examples_tf2_py:/home/agata/ros2_humble/install/tf2_ros_py:/home/agata/ros2_humble/install/sros2:/home/agata/ros2_humble/install/rqt_topic:/home/agata/ros2_humble/install/rqt_srv:/home/agata/ros2_humble/install/rqt_shell:/home/agata/ros2_humble/install/rqt_service_caller:/home/agata/ros2_humble/install/rqt_reconfigure:/home/agata/ros2_humble/install/rqt_py_console:/home/agata/ros2_humble/install/rqt_publisher:/home/agata/ros2_humble/install/rqt_plot:/home/agata/ros2_humble/install/rqt_action:/home/agata/ros2_humble/install/rqt_msg:/home/agata/ros2_humble/install/rqt_console:/home/agata/ros2_humble/install/rqt:/home/agata/ros2_humble/install/rqt_graph:/home/agata/ros2_humble/install/rqt_gui_py:/home/agata/ros2_humble/install/rqt_gui:/home/agata/ros2_humble/install/ros2trace:/home/agata/ros2_humble/install/ros2topic:/home/agata/ros2_humble/install/ros2test:/home/agata/ros2_humble/install/ros2component:/home/agata/ros2_humble/install/ros2param:/home/agata/ros2_humble/install/ros2lifecycle:/home/agata/ros2_humble/install/ros2service:/home/agata/ros2_humble/install/ros2run:/home/agata/ros2_humble/install/ros2launch:/home/agata/ros2_humble/install/ros2pkg:/home/agata/ros2_humble/install/ros2node:/home/agata/ros2_humble/install/ros2multicast:/home/agata/ros2_humble/install/ros2interface:/home/agata/ros2_humble/install/ros2doctor:/home/agata/ros2_humble/install/ros2action:/home/agata/ros2_humble/install/ros2cli:/home/agata/ros2_humble/install/quality_of_service_demo_py:/home/agata/ros2_humble/install/lifecycle_py:/home/agata/ros2_humble/install/launch_testing_ros:/home/agata/ros2_humble/install/launch_ros:/home/agata/ros2_humble/install/examples_rclpy_pointcloud_publisher:/home/agata/ros2_humble/install/examples_rclpy_minimal_subscriber:/home/agata/ros2_humble/install/examples_rclpy_minimal_service:/home/agata/ros2_humble/install/examples_rclpy_minimal_publisher:/home/agata/ros2_humble/install/examples_rclpy_minimal_client:/home/agata/ros2_humble/install/examples_rclpy_minimal_action_server:/home/agata/ros2_humble/install/examples_rclpy_minimal_action_client:/home/agata/ros2_humble/install/examples_rclpy_guard_conditions:/home/agata/ros2_humble/install/examples_rclpy_executors:/home/agata/ros2_humble/install/demo_nodes_py:/home/agata/ros2_humble/install/action_tutorials_py:/home/agata/ros2_humble/install/ament_uncrustify:/home/agata/ros2_humble/install/tracetools_trace:/home/agata/ros2_humble/install/tracetools_read:/home/agata/ros2_humble/install/test_tracetools_launch:/home/agata/ros2_humble/install/test_launch_ros:/home/agata/ros2_humble/install/sensor_msgs_py:/home/agata/ros2_humble/install/rpyutils:/home/agata/ros2_humble/install/rosidl_runtime_py:/home/agata/ros2_humble/install/rosidl_cli:/home/agata/ros2_humble/install/launch_pytest:/home/agata/ros2_humble/install/launch_testing:/home/agata/ros2_humble/install/launch_yaml:/home/agata/ros2_humble/install/launch_xml:/home/agata/ros2_humble/install/launch:/home/agata/ros2_humble/install/osrf_pycommon:/home/agata/ros2_humble/install/launch_testing_examples:/home/agata/ros2_humble/install/domain_coordinator:/home/agata/ros2_humble/install/ament_xmllint:/home/agata/ros2_humble/install/ament_pyflakes:/home/agata/ros2_humble/install/ament_pycodestyle:/home/agata/ros2_humble/install/ament_pep257:/home/agata/ros2_humble/install/ament_pclint:/home/agata/ros2_humble/install/ament_package:/home/agata/ros2_humble/install/ament_mypy:/home/agata/ros2_humble/install/ament_lint_cmake:/home/agata/ros2_humble/install/ament_flake8:/home/agata/ros2_humble/install/ament_copyright:/home/agata/ros2_humble/install/ament_lint:/home/agata/ros2_humble/install/ament_index_python:/home/agata/ros2_humble/install/ament_cpplint:/home/agata/ros2_humble/install/ament_cppcheck:/home/agata/ros2_humble/install/ament_clang_tidy:/home/agata/ros2_humble/install/ament_clang_format /usr/bin/cmake --build /home/agata/pong_ws/src/build/cv_bridge -- -j12 -l12
[15.041s] [35m[1mScanning dependencies of target ament_cmake_python_copy_cv_bridge[0m
[15.041s] [35m[1mScanning dependencies of target gtest[0m
[15.042s] [35m[1mScanning dependencies of target gtest_main[0m
[15.042s] [35m[1mScanning dependencies of target cv_bridge[0m
[15.069s] [ 11%] [32mBuilding CXX object gtest/CMakeFiles/gtest_main.dir/src/gtest_main.cc.o[0m
[15.069s] [ 11%] [32mBuilding CXX object gtest/CMakeFiles/gtest.dir/src/gtest-all.cc.o[0m
[15.078s] [ 11%] Built target ament_cmake_python_copy_cv_bridge
[15.098s] [35m[1mScanning dependencies of target ament_cmake_python_build_cv_bridge_egg[0m
[15.111s] [ 16%] [32mBuilding CXX object src/CMakeFiles/cv_bridge.dir/cv_bridge.cpp.o[0m
[15.120s] [ 22%] [32mBuilding CXX object src/CMakeFiles/cv_bridge.dir/cv_mat_sensor_msgs_image_type_adapter.cpp.o[0m
[15.120s] [ 27%] [32mBuilding CXX object src/CMakeFiles/cv_bridge.dir/rgb_colors.cpp.o[0m
[15.872s] running egg_info
[15.873s] creating cv_bridge.egg-info
[15.873s] writing cv_bridge.egg-info/PKG-INFO
[15.874s] writing dependency_links to cv_bridge.egg-info/dependency_links.txt
[15.874s] writing top-level names to cv_bridge.egg-info/top_level.txt
[15.878s] writing manifest file 'cv_bridge.egg-info/SOURCES.txt'
[15.925s] reading manifest file 'cv_bridge.egg-info/SOURCES.txt'
[15.926s] writing manifest file 'cv_bridge.egg-info/SOURCES.txt'
[15.964s] [ 27%] Built target ament_cmake_python_build_cv_bridge_egg
[16.183s] [ 33%] [32m[1mLinking CXX static library libgtest_main.a[0m
[16.246s] [ 33%] Built target gtest_main
[18.474s] [ 38%] [32m[1mLinking CXX static library libgtest.a[0m
[18.551s] [ 38%] Built target gtest
[19.309s] [ 44%] [32m[1mLinking CXX shared library libcv_bridge.so[0m
[19.517s] [ 44%] Built target cv_bridge
[19.537s] [35m[1mScanning dependencies of target cv_bridge_boost[0m
[19.537s] [35m[1mScanning dependencies of target cv_bridge-utest[0m
[19.610s] [ 50%] [32mBuilding CXX object src/CMakeFiles/cv_bridge_boost.dir/module.cpp.o[0m
[19.612s] [ 55%] [32mBuilding CXX object src/CMakeFiles/cv_bridge_boost.dir/module_opencv4.cpp.o[0m
[19.619s] [ 66%] [32mBuilding CXX object test/CMakeFiles/cv_bridge-utest.dir/utest2.cpp.o[0m
[19.619s] [ 66%] [32mBuilding CXX object test/CMakeFiles/cv_bridge-utest.dir/test_dynamic_scaling.cpp.o[0m
[19.620s] [ 72%] [32mBuilding CXX object test/CMakeFiles/cv_bridge-utest.dir/test_compression.cpp.o[0m
[19.622s] [ 77%] [32mBuilding CXX object test/CMakeFiles/cv_bridge-utest.dir/test_endian.cpp.o[0m
[19.623s] [ 83%] [32mBuilding CXX object test/CMakeFiles/cv_bridge-utest.dir/utest.cpp.o[0m
[19.624s] [ 88%] [32mBuilding CXX object test/CMakeFiles/cv_bridge-utest.dir/test_rgb_colors.cpp.o[0m
[23.288s] [ 94%] [32m[1mLinking CXX executable cv_bridge-utest[0m
[23.772s] [ 94%] Built target cv_bridge-utest
[23.867s] [100%] [32m[1mLinking CXX shared module boost/cv_bridge_boost.so[0m
[24.034s] [100%] Built target cv_bridge_boost
[24.051s] Invoked command in '/home/agata/pong_ws/src/build/cv_bridge' returned '0': CMAKE_PREFIX_PATH=${CMAKE_PREFIX_PATH}:/home/agata/ros2_humble/install/rqt_bag_plugins:/home/agata/ros2_humble/install/rqt_bag:/home/agata/ros2_humble/install/ros2bag:/home/agata/ros2_humble/install/tracetools_test:/home/agata/ros2_humble/install/tracetools_launch:/home/agata/ros2_humble/install/topic_monitor:/home/agata/ros2_humble/install/tf2_tools:/home/agata/ros2_humble/install/examples_tf2_py:/home/agata/ros2_humble/install/tf2_ros_py:/home/agata/ros2_humble/install/sros2:/home/agata/ros2_humble/install/rqt_topic:/home/agata/ros2_humble/install/rqt_srv:/home/agata/ros2_humble/install/rqt_shell:/home/agata/ros2_humble/install/rqt_service_caller:/home/agata/ros2_humble/install/rqt_reconfigure:/home/agata/ros2_humble/install/rqt_py_console:/home/agata/ros2_humble/install/rqt_publisher:/home/agata/ros2_humble/install/rqt_plot:/home/agata/ros2_humble/install/rqt_action:/home/agata/ros2_humble/install/rqt_msg:/home/agata/ros2_humble/install/rqt_console:/home/agata/ros2_humble/install/rqt:/home/agata/ros2_humble/install/rqt_graph:/home/agata/ros2_humble/install/rqt_gui_py:/home/agata/ros2_humble/install/rqt_gui:/home/agata/ros2_humble/install/ros2trace:/home/agata/ros2_humble/install/ros2topic:/home/agata/ros2_humble/install/ros2test:/home/agata/ros2_humble/install/ros2component:/home/agata/ros2_humble/install/ros2param:/home/agata/ros2_humble/install/ros2lifecycle:/home/agata/ros2_humble/install/ros2service:/home/agata/ros2_humble/install/ros2run:/home/agata/ros2_humble/install/ros2launch:/home/agata/ros2_humble/install/ros2pkg:/home/agata/ros2_humble/install/ros2node:/home/agata/ros2_humble/install/ros2multicast:/home/agata/ros2_humble/install/ros2interface:/home/agata/ros2_humble/install/ros2doctor:/home/agata/ros2_humble/install/ros2action:/home/agata/ros2_humble/install/ros2cli:/home/agata/ros2_humble/install/quality_of_service_demo_py:/home/agata/ros2_humble/install/lifecycle_py:/home/agata/ros2_humble/install/launch_testing_ros:/home/agata/ros2_humble/install/launch_ros:/home/agata/ros2_humble/install/examples_rclpy_pointcloud_publisher:/home/agata/ros2_humble/install/examples_rclpy_minimal_subscriber:/home/agata/ros2_humble/install/examples_rclpy_minimal_service:/home/agata/ros2_humble/install/examples_rclpy_minimal_publisher:/home/agata/ros2_humble/install/examples_rclpy_minimal_client:/home/agata/ros2_humble/install/examples_rclpy_minimal_action_server:/home/agata/ros2_humble/install/examples_rclpy_minimal_action_client:/home/agata/ros2_humble/install/examples_rclpy_guard_conditions:/home/agata/ros2_humble/install/examples_rclpy_executors:/home/agata/ros2_humble/install/demo_nodes_py:/home/agata/ros2_humble/install/action_tutorials_py:/home/agata/ros2_humble/install/ament_uncrustify:/home/agata/ros2_humble/install/tracetools_trace:/home/agata/ros2_humble/install/tracetools_read:/home/agata/ros2_humble/install/test_tracetools_launch:/home/agata/ros2_humble/install/test_launch_ros:/home/agata/ros2_humble/install/sensor_msgs_py:/home/agata/ros2_humble/install/rpyutils:/home/agata/ros2_humble/install/rosidl_runtime_py:/home/agata/ros2_humble/install/rosidl_cli:/home/agata/ros2_humble/install/launch_pytest:/home/agata/ros2_humble/install/launch_testing:/home/agata/ros2_humble/install/launch_yaml:/home/agata/ros2_humble/install/launch_xml:/home/agata/ros2_humble/install/launch:/home/agata/ros2_humble/install/osrf_pycommon:/home/agata/ros2_humble/install/launch_testing_examples:/home/agata/ros2_humble/install/domain_coordinator:/home/agata/ros2_humble/install/ament_xmllint:/home/agata/ros2_humble/install/ament_pyflakes:/home/agata/ros2_humble/install/ament_pycodestyle:/home/agata/ros2_humble/install/ament_pep257:/home/agata/ros2_humble/install/ament_pclint:/home/agata/ros2_humble/install/ament_package:/home/agata/ros2_humble/install/ament_mypy:/home/agata/ros2_humble/install/ament_lint_cmake:/home/agata/ros2_humble/install/ament_flake8:/home/agata/ros2_humble/install/ament_copyright:/home/agata/ros2_humble/install/ament_lint:/home/agata/ros2_humble/install/ament_index_python:/home/agata/ros2_humble/install/ament_cpplint:/home/agata/ros2_humble/install/ament_cppcheck:/home/agata/ros2_humble/install/ament_clang_tidy:/home/agata/ros2_humble/install/ament_clang_format /usr/bin/cmake --build /home/agata/pong_ws/src/build/cv_bridge -- -j12 -l12
[24.126s] Invoking command in '/home/agata/pong_ws/src/build/cv_bridge': CMAKE_PREFIX_PATH=${CMAKE_PREFIX_PATH}:/home/agata/ros2_humble/install/rqt_bag_plugins:/home/agata/ros2_humble/install/rqt_bag:/home/agata/ros2_humble/install/ros2bag:/home/agata/ros2_humble/install/tracetools_test:/home/agata/ros2_humble/install/tracetools_launch:/home/agata/ros2_humble/install/topic_monitor:/home/agata/ros2_humble/install/tf2_tools:/home/agata/ros2_humble/install/examples_tf2_py:/home/agata/ros2_humble/install/tf2_ros_py:/home/agata/ros2_humble/install/sros2:/home/agata/ros2_humble/install/rqt_topic:/home/agata/ros2_humble/install/rqt_srv:/home/agata/ros2_humble/install/rqt_shell:/home/agata/ros2_humble/install/rqt_service_caller:/home/agata/ros2_humble/install/rqt_reconfigure:/home/agata/ros2_humble/install/rqt_py_console:/home/agata/ros2_humble/install/rqt_publisher:/home/agata/ros2_humble/install/rqt_plot:/home/agata/ros2_humble/install/rqt_action:/home/agata/ros2_humble/install/rqt_msg:/home/agata/ros2_humble/install/rqt_console:/home/agata/ros2_humble/install/rqt:/home/agata/ros2_humble/install/rqt_graph:/home/agata/ros2_humble/install/rqt_gui_py:/home/agata/ros2_humble/install/rqt_gui:/home/agata/ros2_humble/install/ros2trace:/home/agata/ros2_humble/install/ros2topic:/home/agata/ros2_humble/install/ros2test:/home/agata/ros2_humble/install/ros2component:/home/agata/ros2_humble/install/ros2param:/home/agata/ros2_humble/install/ros2lifecycle:/home/agata/ros2_humble/install/ros2service:/home/agata/ros2_humble/install/ros2run:/home/agata/ros2_humble/install/ros2launch:/home/agata/ros2_humble/install/ros2pkg:/home/agata/ros2_humble/install/ros2node:/home/agata/ros2_humble/install/ros2multicast:/home/agata/ros2_humble/install/ros2interface:/home/agata/ros2_humble/install/ros2doctor:/home/agata/ros2_humble/install/ros2action:/home/agata/ros2_humble/install/ros2cli:/home/agata/ros2_humble/install/quality_of_service_demo_py:/home/agata/ros2_humble/install/lifecycle_py:/home/agata/ros2_humble/install/launch_testing_ros:/home/agata/ros2_humble/install/launch_ros:/home/agata/ros2_humble/install/examples_rclpy_pointcloud_publisher:/home/agata/ros2_humble/install/examples_rclpy_minimal_subscriber:/home/agata/ros2_humble/install/examples_rclpy_minimal_service:/home/agata/ros2_humble/install/examples_rclpy_minimal_publisher:/home/agata/ros2_humble/install/examples_rclpy_minimal_client:/home/agata/ros2_humble/install/examples_rclpy_minimal_action_server:/home/agata/ros2_humble/install/examples_rclpy_minimal_action_client:/home/agata/ros2_humble/install/examples_rclpy_guard_conditions:/home/agata/ros2_humble/install/examples_rclpy_executors:/home/agata/ros2_humble/install/demo_nodes_py:/home/agata/ros2_humble/install/action_tutorials_py:/home/agata/ros2_humble/install/ament_uncrustify:/home/agata/ros2_humble/install/tracetools_trace:/home/agata/ros2_humble/install/tracetools_read:/home/agata/ros2_humble/install/test_tracetools_launch:/home/agata/ros2_humble/install/test_launch_ros:/home/agata/ros2_humble/install/sensor_msgs_py:/home/agata/ros2_humble/install/rpyutils:/home/agata/ros2_humble/install/rosidl_runtime_py:/home/agata/ros2_humble/install/rosidl_cli:/home/agata/ros2_humble/install/launch_pytest:/home/agata/ros2_humble/install/launch_testing:/home/agata/ros2_humble/install/launch_yaml:/home/agata/ros2_humble/install/launch_xml:/home/agata/ros2_humble/install/launch:/home/agata/ros2_humble/install/osrf_pycommon:/home/agata/ros2_humble/install/launch_testing_examples:/home/agata/ros2_humble/install/domain_coordinator:/home/agata/ros2_humble/install/ament_xmllint:/home/agata/ros2_humble/install/ament_pyflakes:/home/agata/ros2_humble/install/ament_pycodestyle:/home/agata/ros2_humble/install/ament_pep257:/home/agata/ros2_humble/install/ament_pclint:/home/agata/ros2_humble/install/ament_package:/home/agata/ros2_humble/install/ament_mypy:/home/agata/ros2_humble/install/ament_lint_cmake:/home/agata/ros2_humble/install/ament_flake8:/home/agata/ros2_humble/install/ament_copyright:/home/agata/ros2_humble/install/ament_lint:/home/agata/ros2_humble/install/ament_index_python:/home/agata/ros2_humble/install/ament_cpplint:/home/agata/ros2_humble/install/ament_cppcheck:/home/agata/ros2_humble/install/ament_clang_tidy:/home/agata/ros2_humble/install/ament_clang_format /usr/bin/cmake --install /home/agata/pong_ws/src/build/cv_bridge
[24.141s] -- Install configuration: ""
[24.141s] -- Installing: /home/agata/pong_ws/src/install/cv_bridge/share/cv_bridge/environment/pythonpath.sh
[24.141s] -- Installing: /home/agata/pong_ws/src/install/cv_bridge/share/cv_bridge/environment/pythonpath.dsv
[24.141s] -- Installing: /home/agata/pong_ws/src/install/cv_bridge/lib/python3.8/site-packages/cv_bridge-3.4.0-py3.8.egg-info
[24.141s] -- Installing: /home/agata/pong_ws/src/install/cv_bridge/lib/python3.8/site-packages/cv_bridge-3.4.0-py3.8.egg-info/SOURCES.txt
[24.141s] -- Installing: /home/agata/pong_ws/src/install/cv_bridge/lib/python3.8/site-packages/cv_bridge-3.4.0-py3.8.egg-info/dependency_links.txt
[24.141s] -- Installing: /home/agata/pong_ws/src/install/cv_bridge/lib/python3.8/site-packages/cv_bridge-3.4.0-py3.8.egg-info/top_level.txt
[24.141s] -- Installing: /home/agata/pong_ws/src/install/cv_bridge/lib/python3.8/site-packages/cv_bridge-3.4.0-py3.8.egg-info/PKG-INFO
[24.141s] -- Installing: /home/agata/pong_ws/src/install/cv_bridge/lib/python3.8/site-packages/cv_bridge
[24.141s] -- Installing: /home/agata/pong_ws/src/install/cv_bridge/lib/python3.8/site-packages/cv_bridge/core.py
[24.142s] -- Installing: /home/agata/pong_ws/src/install/cv_bridge/lib/python3.8/site-packages/cv_bridge/__init__.py
[24.564s] Listing '/home/agata/pong_ws/src/install/cv_bridge/lib/python3.8/site-packages/cv_bridge'...
[24.564s] Compiling '/home/agata/pong_ws/src/install/cv_bridge/lib/python3.8/site-packages/cv_bridge/__init__.py'...
[24.564s] Compiling '/home/agata/pong_ws/src/install/cv_bridge/lib/python3.8/site-packages/cv_bridge/core.py'...
[24.567s] -- Installing: /home/agata/pong_ws/src/install/cv_bridge/lib/libcv_bridge.so
[24.569s] -- Set runtime path of "/home/agata/pong_ws/src/install/cv_bridge/lib/libcv_bridge.so" to ""
[24.569s] -- Installing: /home/agata/pong_ws/src/install/cv_bridge/include/cv_bridge/cv_bridge/cv_bridge_export.h
[24.569s] -- Installing: /home/agata/pong_ws/src/install/cv_bridge/lib/python3.8/site-packages/cv_bridge/boost/cv_bridge_boost.so
[24.569s] -- Set runtime path of "/home/agata/pong_ws/src/install/cv_bridge/lib/python3.8/site-packages/cv_bridge/boost/cv_bridge_boost.so" to ""
[24.570s] -- Up-to-date: /home/agata/pong_ws/src/install/cv_bridge/include/cv_bridge
[24.570s] -- Up-to-date: /home/agata/pong_ws/src/install/cv_bridge/include/cv_bridge/cv_bridge
[24.570s] -- Installing: /home/agata/pong_ws/src/install/cv_bridge/include/cv_bridge/cv_bridge/rgb_colors.h
[24.570s] -- Installing: /home/agata/pong_ws/src/install/cv_bridge/include/cv_bridge/cv_bridge/visibility_control.h
[24.570s] -- Installing: /home/agata/pong_ws/src/install/cv_bridge/include/cv_bridge/cv_bridge/cv_bridge.h
[24.570s] -- Installing: /home/agata/pong_ws/src/install/cv_bridge/include/cv_bridge/cv_bridge/cv_bridge.hpp
[24.570s] -- Installing: /home/agata/pong_ws/src/install/cv_bridge/include/cv_bridge/cv_bridge/cv_mat_sensor_msgs_image_type_adapter.hpp
[24.570s] -- Installing: /home/agata/pong_ws/src/install/cv_bridge/include/cv_bridge/cv_bridge/rgb_colors.hpp
[24.570s] -- Up-to-date: /home/agata/pong_ws/src/install/cv_bridge/lib/libcv_bridge.so
[24.570s] -- Installing: /home/agata/pong_ws/src/install/cv_bridge/share/ament_index/resource_index/package_run_dependencies/cv_bridge
[24.571s] -- Installing: /home/agata/pong_ws/src/install/cv_bridge/share/ament_index/resource_index/parent_prefix_path/cv_bridge
[24.571s] -- Installing: /home/agata/pong_ws/src/install/cv_bridge/share/cv_bridge/environment/ament_prefix_path.sh
[24.571s] -- Installing: /home/agata/pong_ws/src/install/cv_bridge/share/cv_bridge/environment/ament_prefix_path.dsv
[24.571s] -- Installing: /home/agata/pong_ws/src/install/cv_bridge/share/cv_bridge/environment/path.sh
[24.571s] -- Installing: /home/agata/pong_ws/src/install/cv_bridge/share/cv_bridge/environment/path.dsv
[24.571s] -- Installing: /home/agata/pong_ws/src/install/cv_bridge/share/cv_bridge/local_setup.bash
[24.571s] -- Installing: /home/agata/pong_ws/src/install/cv_bridge/share/cv_bridge/local_setup.sh
[24.571s] -- Installing: /home/agata/pong_ws/src/install/cv_bridge/share/cv_bridge/local_setup.zsh
[24.571s] -- Installing: /home/agata/pong_ws/src/install/cv_bridge/share/cv_bridge/local_setup.dsv
[24.571s] -- Installing: /home/agata/pong_ws/src/install/cv_bridge/share/cv_bridge/package.dsv
[24.571s] -- Installing: /home/agata/pong_ws/src/install/cv_bridge/share/ament_index/resource_index/packages/cv_bridge
[24.572s] -- Installing: /home/agata/pong_ws/src/install/cv_bridge/share/cv_bridge/cmake/export_cv_bridgeExport.cmake
[24.572s] -- Installing: /home/agata/pong_ws/src/install/cv_bridge/share/cv_bridge/cmake/export_cv_bridgeExport-noconfig.cmake
[24.572s] -- Installing: /home/agata/pong_ws/src/install/cv_bridge/share/cv_bridge/cmake/cv_bridge-extras.cmake
[24.572s] -- Installing: /home/agata/pong_ws/src/install/cv_bridge/share/cv_bridge/cmake/ament_cmake_export_dependencies-extras.cmake
[24.572s] -- Installing: /home/agata/pong_ws/src/install/cv_bridge/share/cv_bridge/cmake/ament_cmake_export_targets-extras.cmake
[24.572s] -- Installing: /home/agata/pong_ws/src/install/cv_bridge/share/cv_bridge/cmake/cv_bridgeConfig.cmake
[24.572s] -- Installing: /home/agata/pong_ws/src/install/cv_bridge/share/cv_bridge/cmake/cv_bridgeConfig-version.cmake
[24.572s] -- Installing: /home/agata/pong_ws/src/install/cv_bridge/share/cv_bridge/package.xml
[24.574s] Invoked command in '/home/agata/pong_ws/src/build/cv_bridge' returned '0': CMAKE_PREFIX_PATH=${CMAKE_PREFIX_PATH}:/home/agata/ros2_humble/install/rqt_bag_plugins:/home/agata/ros2_humble/install/rqt_bag:/home/agata/ros2_humble/install/ros2bag:/home/agata/ros2_humble/install/tracetools_test:/home/agata/ros2_humble/install/tracetools_launch:/home/agata/ros2_humble/install/topic_monitor:/home/agata/ros2_humble/install/tf2_tools:/home/agata/ros2_humble/install/examples_tf2_py:/home/agata/ros2_humble/install/tf2_ros_py:/home/agata/ros2_humble/install/sros2:/home/agata/ros2_humble/install/rqt_topic:/home/agata/ros2_humble/install/rqt_srv:/home/agata/ros2_humble/install/rqt_shell:/home/agata/ros2_humble/install/rqt_service_caller:/home/agata/ros2_humble/install/rqt_reconfigure:/home/agata/ros2_humble/install/rqt_py_console:/home/agata/ros2_humble/install/rqt_publisher:/home/agata/ros2_humble/install/rqt_plot:/home/agata/ros2_humble/install/rqt_action:/home/agata/ros2_humble/install/rqt_msg:/home/agata/ros2_humble/install/rqt_console:/home/agata/ros2_humble/install/rqt:/home/agata/ros2_humble/install/rqt_graph:/home/agata/ros2_humble/install/rqt_gui_py:/home/agata/ros2_humble/install/rqt_gui:/home/agata/ros2_humble/install/ros2trace:/home/agata/ros2_humble/install/ros2topic:/home/agata/ros2_humble/install/ros2test:/home/agata/ros2_humble/install/ros2component:/home/agata/ros2_humble/install/ros2param:/home/agata/ros2_humble/install/ros2lifecycle:/home/agata/ros2_humble/install/ros2service:/home/agata/ros2_humble/install/ros2run:/home/agata/ros2_humble/install/ros2launch:/home/agata/ros2_humble/install/ros2pkg:/home/agata/ros2_humble/install/ros2node:/home/agata/ros2_humble/install/ros2multicast:/home/agata/ros2_humble/install/ros2interface:/home/agata/ros2_humble/install/ros2doctor:/home/agata/ros2_humble/install/ros2action:/home/agata/ros2_humble/install/ros2cli:/home/agata/ros2_humble/install/quality_of_service_demo_py:/home/agata/ros2_humble/install/lifecycle_py:/home/agata/ros2_humble/install/launch_testing_ros:/home/agata/ros2_humble/install/launch_ros:/home/agata/ros2_humble/install/examples_rclpy_pointcloud_publisher:/home/agata/ros2_humble/install/examples_rclpy_minimal_subscriber:/home/agata/ros2_humble/install/examples_rclpy_minimal_service:/home/agata/ros2_humble/install/examples_rclpy_minimal_publisher:/home/agata/ros2_humble/install/examples_rclpy_minimal_client:/home/agata/ros2_humble/install/examples_rclpy_minimal_action_server:/home/agata/ros2_humble/install/examples_rclpy_minimal_action_client:/home/agata/ros2_humble/install/examples_rclpy_guard_conditions:/home/agata/ros2_humble/install/examples_rclpy_executors:/home/agata/ros2_humble/install/demo_nodes_py:/home/agata/ros2_humble/install/action_tutorials_py:/home/agata/ros2_humble/install/ament_uncrustify:/home/agata/ros2_humble/install/tracetools_trace:/home/agata/ros2_humble/install/tracetools_read:/home/agata/ros2_humble/install/test_tracetools_launch:/home/agata/ros2_humble/install/test_launch_ros:/home/agata/ros2_humble/install/sensor_msgs_py:/home/agata/ros2_humble/install/rpyutils:/home/agata/ros2_humble/install/rosidl_runtime_py:/home/agata/ros2_humble/install/rosidl_cli:/home/agata/ros2_humble/install/launch_pytest:/home/agata/ros2_humble/install/launch_testing:/home/agata/ros2_humble/install/launch_yaml:/home/agata/ros2_humble/install/launch_xml:/home/agata/ros2_humble/install/launch:/home/agata/ros2_humble/install/osrf_pycommon:/home/agata/ros2_humble/install/launch_testing_examples:/home/agata/ros2_humble/install/domain_coordinator:/home/agata/ros2_humble/install/ament_xmllint:/home/agata/ros2_humble/install/ament_pyflakes:/home/agata/ros2_humble/install/ament_pycodestyle:/home/agata/ros2_humble/install/ament_pep257:/home/agata/ros2_humble/install/ament_pclint:/home/agata/ros2_humble/install/ament_package:/home/agata/ros2_humble/install/ament_mypy:/home/agata/ros2_humble/install/ament_lint_cmake:/home/agata/ros2_humble/install/ament_flake8:/home/agata/ros2_humble/install/ament_copyright:/home/agata/ros2_humble/install/ament_lint:/home/agata/ros2_humble/install/ament_index_python:/home/agata/ros2_humble/install/ament_cpplint:/home/agata/ros2_humble/install/ament_cppcheck:/home/agata/ros2_humble/install/ament_clang_tidy:/home/agata/ros2_humble/install/ament_clang_format /usr/bin/cmake --install /home/agata/pong_ws/src/build/cv_bridge
