-- Found ament_cmake_ros: 0.10.0 (/home/agata/ros2_humble/install/ament_cmake_ros/share/ament_cmake_ros/cmake)
-- Found Python3: /usr/bin/python3.8 (found version "3.8.10") found components: Interpreter 
-- Found Python3: /usr/lib/x86_64-linux-gnu/libpython3.8.so (found version "3.8.10") found components: Development NumPy Interpreter 
-- Found rclcpp: 16.0.3 (/home/agata/ros2_humble/install/rclcpp/share/rclcpp/cmake)
-- Found rosidl_generator_c: 3.1.4 (/home/agata/ros2_humble/install/rosidl_generator_c/share/rosidl_generator_c/cmake)
-- Found rosidl_adapter: 3.1.4 (/home/agata/ros2_humble/install/rosidl_adapter/share/rosidl_adapter/cmake)
-- Found rosidl_generator_cpp: 3.1.4 (/home/agata/ros2_humble/install/rosidl_generator_cpp/share/rosidl_generator_cpp/cmake)
-- Using all available rosidl_typesupport_c: rosidl_typesupport_introspection_c;rosidl_typesupport_fastrtps_c
-- Using all available rosidl_typesupport_cpp: rosidl_typesupport_introspection_cpp;rosidl_typesupport_fastrtps_cpp
-- Found rmw_implementation_cmake: 6.1.1 (/home/agata/ros2_humble/install/rmw_implementation_cmake/share/rmw_implementation_cmake/cmake)
-- Found rmw_fastrtps_cpp: 6.2.2 (/home/agata/ros2_humble/install/rmw_fastrtps_cpp/share/rmw_fastrtps_cpp/cmake)
-- Using RMW implementation 'rmw_fastrtps_cpp' as default
-- Found sensor_msgs: 4.2.3 (/home/agata/ros2_humble/install/sensor_msgs/share/sensor_msgs/cmake)
-- Found ament_lint_auto: 0.12.5 (/home/agata/ros2_humble/install/ament_lint_auto/share/ament_lint_auto/cmake)
-- Found gtest sources under '/home/agata/ros2_humble/install/gtest_vendor/src/gtest_vendor': C++ tests using 'Google Test' will be built
-- Configuring done
-- Generating done
-- Build files have been written to: /home/agata/pong_ws/src/build/cv_bridge
[35m[1mScanning dependencies of target cv_bridge[0m
[ 22%] Built target gtest
[ 22%] Built target gtest_main
[ 22%] Built target ament_cmake_python_copy_cv_bridge
[ 38%] [32mBuilding CXX object src/CMakeFiles/cv_bridge.dir/cv_bridge.cpp.o[0m
[ 38%] [32mBuilding CXX object src/CMakeFiles/cv_bridge.dir/cv_mat_sensor_msgs_image_type_adapter.cpp.o[0m
[ 38%] [32mBuilding CXX object src/CMakeFiles/cv_bridge.dir/rgb_colors.cpp.o[0m
running egg_info
writing cv_bridge.egg-info/PKG-INFO
writing dependency_links to cv_bridge.egg-info/dependency_links.txt
writing top-level names to cv_bridge.egg-info/top_level.txt
reading manifest file 'cv_bridge.egg-info/SOURCES.txt'
writing manifest file 'cv_bridge.egg-info/SOURCES.txt'
[ 38%] Built target ament_cmake_python_build_cv_bridge_egg
[ 44%] [32m[1mLinking CXX shared library libcv_bridge.so[0m
[ 44%] Built target cv_bridge
[35m[1mScanning dependencies of target cv_bridge_boost[0m
[35m[1mScanning dependencies of target cv_bridge-utest[0m
[ 55%] [32mBuilding CXX object src/CMakeFiles/cv_bridge_boost.dir/module.cpp.o[0m
[ 55%] [32mBuilding CXX object src/CMakeFiles/cv_bridge_boost.dir/module_opencv4.cpp.o[0m
[ 61%] [32mBuilding CXX object test/CMakeFiles/cv_bridge-utest.dir/utest.cpp.o[0m
[ 66%] [32mBuilding CXX object test/CMakeFiles/cv_bridge-utest.dir/utest2.cpp.o[0m
[ 72%] [32mBuilding CXX object test/CMakeFiles/cv_bridge-utest.dir/test_endian.cpp.o[0m
[ 77%] [32mBuilding CXX object test/CMakeFiles/cv_bridge-utest.dir/test_compression.cpp.o[0m
[ 83%] [32mBuilding CXX object test/CMakeFiles/cv_bridge-utest.dir/test_rgb_colors.cpp.o[0m
[ 88%] [32mBuilding CXX object test/CMakeFiles/cv_bridge-utest.dir/test_dynamic_scaling.cpp.o[0m
[ 94%] [32m[1mLinking CXX executable cv_bridge-utest[0m
[ 94%] Built target cv_bridge-utest
[100%] [32m[1mLinking CXX shared module boost/cv_bridge_boost.so[0m
[100%] Built target cv_bridge_boost
